{
    "__update_time__": 1591241720.691336,
    "field_names": [
        "题目名",
        "用户名",
        "答案",
        "提交时间",
        "分数",
        "评语"
    ],
    "field_types": [
        "text",
        "text",
        "text",
        "time",
        "number",
        "text"
    ],
    "foreign_keys": {},
    "primary_keys": [],
    "rows": [
        [
            "测试1",
            "伍嘉俊",
            "#include <iostream>\nusing namespace std;\n\nint main() {\n\tchar a,b,c,d,e,f,g,h,i,j,k,l,m,n,o;\n\tcin >> a >> b >> c >> d >> e >> f >> g >> h >> i >> j >> k >> l >> m >> n >> o;\n\tcout << k << l << m << n << o << ' ' << f << g << h << i << j << ' ' << a << b << c << d << e;\n}",
            1587608125.979091,
            100,
            "# 答案正确"
        ],
        [
            "测试2",
            "伍嘉俊",
            "#include <iostream>\nusing namespace std;\n\nint main() {\n\tchar a[10],b[10],c[10],d[10],e[10];\n\tchar n;\n\tfor (int i = 0; i < 10; ++ i) {\n\t\tcin >> a[i] >> b[i] >> c[i] >> d[i] >> e[i];\n\t} \n\tfor (int i = 0; i < 10; ++ i) {\n\t\tfor (int j = 0; j < 10; ++ j) {\n\t\t\tif (a[i] < a[j]) {\n\t\t\t\tn = a[i];\n\t\t\t\ta[i] = a[j];\n\t\t\t\ta[j] = n;\n\t\t\t\tn = b[i];\n\t\t\t\tb[i] = b[j];\n\t\t\t\tb[j] = n;\n\t\t\t\tn = c[i];\n\t\t\t\tc[i] = c[j];\n\t\t\t\tc[j] = n;\n\t\t\t\tn = d[i];\n\t\t\t\td[i] = d[j];\n\t\t\t\td[j] = n;\n\t\t\t\tn = e[i];\n\t\t\t\te[i] = e[j];\n\t\t\t\te[j] = n;\n\t\t\t}\n\t\t} \n\t}\n\tfor (int i = 0; i < 10; ++ i) {\n\t\tcout << a[i] << b[i] << c[i] << d[i] << e[i] << ' ';\n\t}\n}",
            1587610072.8466177,
            100,
            "# 答案正确"
        ],
        [
            "1.2 (C++)",
            "伍嘉俊",
            "#include <cstring>\nclass School{\npublic:\n    char name[30];\n    int age;\n\n\n    School(){\n        strcpy(this->name,\"NO_NAME\");\n        this->age = 0;\n    }\n    void setName(char name1[]){\n        strcpy(this->name , name1);\n    }\n    void setAge(int year1){\n        this->age = year1;\n    }\n    void operator ++(){\n        this->age++;\n    }\n};\n",
            1588216724.4220176,
            100,
            "# 答案正确"
        ],
        [
            "2020/05/08",
            "伍嘉俊",
            "",
            1588908161.7236865,
            0,
            "main.cpp: In member function ‘double& Tensor::get(int, int, int, int)’:\nmain.cpp:68:78: error: ‘Tensor_get’ was not declared in this scope\n   return Tensor_get(this->dimensions, this->sizes, this->data, x0, x1, x2, x3);\n                                                                              ^\n"
        ],
        [
            "2020/05/14",
            "伍嘉俊",
            "void Tensor_print(int dimensions, const int sizes[], const double data[]) ",
            1589424892.2738228,
            0,
            "In file included from /usr/include/c++/5/iostream:38:0,\n                 from main.cpp:3:\n/usr/include/x86_64-linux-gnu/c++/5/bits/c++config.h:194:1: error: expected initializer before ‘namespace’\n namespace std\n ^\nIn file included from /usr/include/c++/5/iosfwd:40:0,\n                 from /usr/include/c++/5/ios:38,\n                 from /usr/include/c++/5/ostream:38,\n                 from /usr/include/c++/5/iostream:39,\n                 from main.cpp:3:\n/usr/include/c++/5/bits/postypes.h:98:11: error: ‘ptrdiff_t’ does not name a type\n   typedef ptrdiff_t streamsize; // Signed integral type\n           ^\nIn file included from /usr/include/c++/5/exception:162:0,\n                 from /usr/include/c++/5/ios:39,\n                 from /usr/include/c++/5/ostream:38,\n                 from /usr/include/c++/5/iostream:39,\n                 from main.cpp:3:\n/usr/include/c++/5/bits/exception_ptr.h:95:30: error: field ‘nullptr_t’ has incomplete type ‘std::__exception_ptr::exception_ptr’\n       exception_ptr(nullptr_t) noexcept\n                              ^\n/usr/include/c++/5/bits/exception_ptr.h:75:11: note: definition of ‘class std::__exception_ptr::exception_ptr’ is not complete until the closing brace\n     class exception_ptr\n           ^\n/usr/include/c++/5/bits/exception_ptr.h:95:30: error: expected ‘;’ at end of member declaration\n       exception_ptr(nullptr_t) noexcept\n                              ^\n/usr/include/c++/5/bits/exception_ptr.h:95:32: error: expected unqualified-id before ‘noexcept’\n       exception_ptr(nullptr_t) noexcept\n                                ^\nIn file included from /usr/include/c++/5/bits/stl_algobase.h:62:0,\n                 from /usr/include/c++/5/bits/char_traits.h:39,\n                 from /usr/include/c++/5/ios:40,\n                 from /usr/include/c++/5/ostream:38,\n                 from /usr/include/c++/5/iostream:39,\n                 from main.cpp:3:\n/usr/include/c++/5/ext/type_traits.h:160:35: error: ‘__gnu_cxx::__is_null_pointer’ declared as an ‘inline’ variable\n   __is_null_pointer(std::nullptr_t)\n                                   ^\n/usr/include/c++/5/ext/type_traits.h:160:35: error: ‘bool __gnu_cxx::__is_null_pointer’ redeclared as different kind of symbol\n/usr/include/c++/5/ext/type_traits.h:155:5: note: previous declaration ‘template<class _Type> bool __gnu_cxx::__is_null_pointer(_Type)’\n     __is_null_pointer(_Type)\n     ^\n/usr/include/c++/5/ext/type_traits.h:160:21: error: ‘nullptr_t’ is not a member of ‘std’\n   __is_null_pointer(std::nullptr_t)\n                     ^\nIn file included from /usr/include/c++/5/bits/move.h:57:0,\n                 from /usr/include/c++/5/bits/stl_pair.h:59,\n                 from /usr/include/c++/5/bits/stl_algobase.h:64,\n                 from /usr/include/c++/5/bits/char_traits.h:39,\n                 from /usr/include/c++/5/ios:40,\n                 from /usr/include/c++/5/ostream:38,\n                 from /usr/include/c++/5/iostream:39,\n                 from main.cpp:3:\n/usr/include/c++/5/type_traits:326:31: error: ‘std::size_t’ has not been declared\n   template<typename _Tp, std::size_t _Size>\n                               ^\n/usr/include/c++/5/type_traits:525:37: error: ‘nullptr_t’ is not a member of ‘std’\n     struct __is_null_pointer_helper<std::nullptr_t>\n                                     ^\n/usr/include/c++/5/type_traits:525:37: error: ‘nullptr_t’ is not a member of ‘std’\n/usr/include/c++/5/type_traits:525:51: error: template argument 1 is invalid\n     struct __is_null_pointer_helper<std::nullptr_t>\n                                                   ^\n/usr/include/c++/5/type_traits:1411:32: error: ‘size_t’ is not a member of ‘std’\n     : public integral_constant<std::size_t, __alignof__(_Tp)> { };\n                                ^\n/usr/include/c++/5/type_traits:1411:32: note: suggested alternative:\nIn file included from /usr/include/wchar.h:51:0,\n                 from /usr/include/c++/5/cwchar:44,\n                 from /usr/include/c++/5/bits/postypes.h:40,\n                 from /usr/include/c++/5/iosfwd:40,\n                 from /usr/include/c++/5/ios:38,\n                 from /usr/include/c++/5/ostream:38,\n                 from /usr/include/c++/5/iostream:39,\n                 from main.cpp:3:\n/usr/lib/gcc/x86_64-linux-gnu/5/include/stddef.h:216:23: note:   ‘size_t’\n typedef __SIZE_TYPE__ size_t;\n                       ^\nIn file included from /usr/include/c++/5/bits/move.h:57:0,\n                 from /usr/include/c++/5/bits/stl_pair.h:59,\n                 from /usr/include/c++/5/bits/stl_algobase.h:64,\n                 from /usr/include/c++/5/bits/char_traits.h:39,\n                 from /usr/include/c++/5/ios:40,\n                 from /usr/include/c++/5/ostream:38,\n                 from /usr/include/c++/5/iostream:39,\n                 from main.cpp:3:\n/usr/include/c++/5/type_traits:1411:32: error: ‘size_t’ is not a member of ‘std’\n     : public integral_constant<std::size_t, __alignof__(_Tp)> { };\n                                ^\n/usr/include/c++/5/type_traits:1411:32: note: suggested alternative:\nIn file included from /usr/include/wchar.h:51:0,\n                 from /usr/include/c++/5/cwchar:44,\n                 from /usr/include/c++/5/bits/postypes.h:40,\n                 from /usr/include/c++/5/iosfwd:40,\n                 from /usr/include/c++/5/ios:38,\n                 from /usr/include/c++/5/ostream:38,\n                 from /usr/include/c++/5/iostream:39,\n                 from main.cpp:3:\n/usr/lib/gcc/x86_64-linux-gnu/5/include/stddef.h:216:23: note:   ‘size_t’\n typedef __SIZE_TYPE__ size_t;\n                       ^\nIn file included from /usr/include/c++/5/bits/move.h:57:0,\n                 from /usr/include/c++/5/bits/stl_pair.h:59,\n                 from /usr/include/c++/5/bits/stl_algobase.h:64,\n                 from /usr/include/c++/5/bits/char_traits.h:39,\n                 from /usr/include/c++/5/ios:40,\n                 from /usr/include/c++/5/ostream:38,\n                 from /usr/include/c++/5/iostream:39,\n                 from main.cpp:3:\n/usr/include/c++/5/type_traits:1411:61: error: template argument 1 is invalid\n     : public integral_constant<std::size_t, __alignof__(_Tp)> { };\n                                                             ^\n/usr/include/c++/5/type_traits:1411:61: note: invalid template non-type parameter\n/usr/include/c++/5/type_traits:1416:32: error: ‘size_t’ is not a member of ‘std’\n     : public integral_constant<std::size_t, 0> { };\n                                ^\n/usr/include/c++/5/type_traits:1416:32: note: suggested alternative:\nIn file included from /usr/include/wchar.h:51:0,\n                 from /usr/include/c++/5/cwchar:44,\n                 from /usr/include/c++/5/bits/postypes.h:40,\n                 from /usr/include/c++/5/iosfwd:40,\n                 from /usr/include/c++/5/ios:38,\n                 from /usr/include/c++/5/ostream:38,\n                 from /usr/include/c++/5/iostream:39,\n                 from main.cpp:3:\n/usr/lib/gcc/x86_64-linux-gnu/5/include/stddef.h:216:23: note:   ‘size_t’\n typedef __SIZE_TYPE__ size_t;\n                       ^\nIn file included from /usr/include/c++/5/bits/move.h:57:0,\n                 from /usr/include/c++/5/bits/stl_pair.h:59,\n                 from /usr/include/c++/5/bits/stl_algobase.h:64,\n                 from /usr/include/c++/5/bits/char_traits.h:39,\n                 from /usr/include/c++/5/ios:40,\n                 from /usr/include/c++/5/ostream:38,\n                 from /usr/include/c++/5/iostream:39,\n                 from main.cpp:3:\n/usr/include/c++/5/type_traits:1416:32: error: ‘size_t’ is not a member of ‘std’\n     : public integral_constant<std::size_t, 0> { };\n                                ^\n/usr/include/c++/5/type_traits:1416:32: note: suggested alternative:\nIn file included from /usr/include/wchar.h:51:0,\n                 from /usr/include/c++/5/cwchar:44,\n                 from /usr/include/c++/5/bits/postypes.h:40,\n                 from /usr/include/c++/5/iosfwd:40,\n                 from /usr/include/c++/5/ios:38,\n                 from /usr/include/c++/5/ostream:38,\n                 from /usr/include/c++/5/iostream:39,\n                 from main.cpp:3:\n/usr/lib/gcc/x86_64-linux-gnu/5/include/stddef.h:216:23: note:   ‘size_t’\n typedef __SIZE_TYPE__ size_t;\n                       ^\nIn file included from /usr/include/c++/5/bits/move.h:57:0,\n                 from /usr/include/c++/5/bits/stl_pair.h:59,\n                 from /usr/include/c++/5/bits/stl_algobase.h:64,\n                 from /usr/include/c++/5/bits/char_traits.h:39,\n                 from /usr/include/c++/5/ios:40,\n                 from /usr/include/c++/5/ostream:38,\n                 from /usr/include/c++/5/iostream:39,\n                 from main.cpp:3:\n/usr/include/c++/5/type_traits:1416:46: error: template argument 1 is invalid\n     : public integral_constant<std::size_t, 0> { };\n                                              ^\n/usr/include/c++/5/type_traits:1416:46: note: invalid template non-type parameter\n/usr/include/c++/5/type_traits:1418:31: error: ‘std::size_t’ has not been declared\n   template<typename _Tp, std::size_t _Size>\n                               ^\n/usr/include/c++/5/type_traits:1420:32: error: ‘size_t’ is not a member of ‘std’\n     : public integral_constant<std::size_t, 1 + rank<_Tp>::value> { };\n                                ^\n/usr/include/c++/5/type_traits:1420:32: note: suggested alternative:\nIn file included from /usr/include/wchar.h:51:0,\n                 from /usr/include/c++/5/cwchar:44,\n                 from /usr/include/c++/5/bits/postypes.h:40,\n                 from /usr/include/c++/5/iosfwd:40,\n                 from /usr/include/c++/5/ios:38,\n                 from /usr/include/c++/5/ostream:38,\n                 from /usr/include/c++/5/iostream:39,\n                 from main.cpp:3:\n/usr/lib/gcc/x86_64-linux-gnu/5/include/stddef.h:216:23: note:   ‘size_t’\n typedef __SIZE_TYPE__ size_t;\n                       ^\nIn file included from /usr/include/c++/5/bits/move.h:57:0,\n                 from /usr/include/c++/5/bits/stl_pair.h:59,\n                 from /usr/include/c++/5/bits/stl_algobase.h:64,\n                 from /usr/include/c++/5/bits/char_traits.h:39,\n                 from /usr/include/c++/5/ios:40,\n                 from /usr/include/c++/5/ostream:38,\n                 from /usr/include/c++/5/iostream:39,\n                 from main.cpp:3:\n/usr/include/c++/5/type_traits:1420:32: error: ‘size_t’ is not a member of ‘std’\n     : public integral_constant<std::size_t, 1 + rank<_Tp>::value> { };\n                                ^\n/usr/include/c++/5/type_traits:1420:32: note: suggested alternative:\nIn file included from /usr/include/wchar.h:51:0,\n                 from /usr/include/c++/5/cwchar:44,\n                 from /usr/include/c++/5/bits/postypes.h:40,\n                 from /usr/include/c++/5/iosfwd:40,\n                 from /usr/include/c++/5/ios:38,\n                 from /usr/include/c++/5/ostream:38,\n                 from /usr/include/c++/5/iostream:39,\n                 from main.cpp:3:\n/usr/lib/gcc/x86_64-linux-gnu/5/include/stddef.h:216:23: note:   ‘size_t’\n typedef __SIZE_TYPE__ size_t;\n                       ^\nIn file included from /usr/include/c++/5/bits/move.h:57:0,\n                 from /usr/include/c++/5/bits/stl_pair.h:59,\n                 from /usr/include/c++/5/bits/stl_algobase.h:64,\n                 from /usr/include/c++/5/bits/char_traits.h:39,\n                 from /usr/include/c++/5/ios:40,\n                 from /usr/include/c++/5/ostream:38,\n                 from /usr/include/c++/5/iostream:39,\n                 from main.cpp:3:\n/usr/include/c++/5/type_traits:1420:65: error: template argument 1 is invalid\n     : public integral_constant<std::size_t, 1 + rank<_Tp>::value> { };\n                                                                 ^\n/usr/include/c++/5/type_traits:1420:65: note: invalid template non-type parameter\n/usr/include/c++/5/type_traits:1424:32: error: ‘size_t’ is not a member of ‘std’\n     : public integral_constant<std::size_t, 1 + rank<_Tp>::value> { };\n                                ^\n/usr/include/c++/5/type_traits:1424:32: note: suggested alternative:\nIn file included from /usr/include/wchar.h:51:0,\n                 from /usr/include/c++/5/cwchar:44,\n                 from /usr/include/c++/5/bits/postypes.h:40,\n                 from /usr/include/c++/5/iosfwd:40,\n                 from /usr/include/c++/5/ios:38,\n                 from /usr/include/c++/5/ostream:38,\n                 from /usr/include/c++/5/iostream:39,\n                 from main.cpp:3:\n/usr/lib/gcc/x86_64-linux-gnu/5/include/stddef.h:216:23: note:   ‘size_t’\n typedef __SIZE_TYPE__ size_t;\n                       ^\nIn file included from /usr/include/c++/5/bits/move.h:57:0,\n                 from /usr/include/c++/5/bits/stl_pair.h:59,\n                 from /usr/include/c++/5/bits/stl_algobase.h:64,\n                 from /usr/include/c++/5/bits/char_traits.h:39,\n                 from /usr/include/c++/5/ios:40,\n                 from /usr/include/c++/5/ostream:38,\n                 from /usr/include/c++/5/iostream:39,\n                 from main.cpp:3:\n/usr/include/c++/5/type_traits:1424:32: error: ‘size_t’ is not a member of ‘std’\n     : public integral_constant<std::size_t, 1 + rank<_Tp>::value> { };\n                                ^\n/usr/include/c++/5/type_traits:1424:32: note: suggested alternative:\nIn file included from /usr/include/wchar.h:51:0,\n                 from /usr/include/c++/5/cwchar:44,\n                 from /usr/include/c++/5/bits/postypes.h:40,\n                 from /usr/include/c++/5/iosfwd:40,\n                 from /usr/include/c++/5/ios:38,\n                 from /usr/include/c++/5/ostream:38,\n                 from /usr/include/c++/5/iostream:39,\n                 from main.cpp:3:\n/usr/lib/gcc/x86_64-linux-gnu/5/include/stddef.h:216:23: note:   ‘size_t’\n typedef __SIZE_TYPE__ size_t;\n                       ^\nIn file included from /usr/include/c++/5/bits/move.h:57:0,\n                 from /usr/include/c++/5/bits/stl_pair.h:59,\n                 from /usr/include/c++/5/bits/stl_algobase.h:64,\n                 from /usr/include/c++/5/bits/char_traits.h:39,\n                 from /usr/include/c++/5/ios:40,\n                 from /usr/include/c++/5/ostream:38,\n                 from /usr/include/c++/5/iostream:39,\n                 from main.cpp:3:\n/usr/include/c++/5/type_traits:1424:65: error: template argument 1 is invalid\n     : public integral_constant<std::size_t, 1 + rank<_Tp>::value> { };\n                                                                 ^\n/usr/include/c++/5/type_traits:1424:65: note: invalid template non-type parameter\n/usr/include/c++/5/type_traits:1429:32: error: ‘size_t’ is not a member of ‘std’\n     : public integral_constant<std::size_t, 0> { };\n                                ^\n/usr/include/c++/5/type_traits:1429:32: note: suggested alternative:\nIn file included from /usr/include/wchar.h:51:0,\n                 from /usr/include/c++/5/cwchar:44,\n                 from /usr/include/c++/5/bits/postypes.h:40,\n                 from /usr/include/c++/5/iosfwd:40,\n                 from /usr/include/c++/5/ios:38,\n                 from /usr/include/c++/5/ostream:38,\n                 from /usr/include/c++/5/iostream:39,\n                 from main.cpp:3:\n/usr/lib/gcc/x86_64-linux-gnu/5/include/stddef.h:216:23: note:   ‘size_t’\n typedef __SIZE_TYPE__ size_t;\n                       ^\nIn file included from /usr/include/c++/5/bits/move.h:57:0,\n                 from /usr/include/c++/5/bits/stl_pair.h:59,\n                 from /usr/include/c++/5/bits/stl_algobase.h:64,\n                 from /usr/include/c++/5/bits/char_traits.h:39,\n                 from /usr/include/c++/5/ios:40,\n                 from /usr/include/c++/5/ostream:38,\n                 from /usr/include/c++/5/iostream:39,\n                 from main.cpp:3:\n/usr/include/c++/5/type_traits:1429:32: error: ‘size_t’ is not a member of ‘std’\n     : public integral_constant<std::size_t, 0> { };\n                                ^\n/usr/include/c++/5/type_traits:1429:32: note: suggested alternative:\nIn file included from /usr/include/wchar.h:51:0,\n                 from /usr/include/c++/5/cwchar:44,\n                 from /usr/include/c++/5/bits/postypes.h:40,\n                 from /usr/include/c++/5/iosfwd:40,\n                 from /usr/include/c++/5/ios:38,\n                 from /usr/include/c++/5/ostream:38,\n                 from /usr/include/c++/5/iostream:39,\n                 from main.cpp:3:\n/usr/lib/gcc/x86_64-linux-gnu/5/include/stddef.h:216:23: note:   ‘size_t’\n typedef __SIZE_TYPE__ size_t;\n                       ^\nIn file included from /usr/include/c++/5/bits/move.h:57:0,\n                 from /usr/include/c++/5/bits/stl_pair.h:59,\n                 from /usr/include/c++/5/bits/stl_algobase.h:64,\n                 from /usr/include/c++/5/bits/char_traits.h:39,\n                 from /usr/include/c++/5/ios:40,\n                 from /usr/include/c++/5/ostream:38,\n                 from /usr/include/c++/5/iostream:39,\n                 from main.cpp:3:\n/usr/include/c++/5/type_traits:1429:46: error: template argument 1 is invalid\n     : public integral_constant<std::size_t, 0> { };\n                                              ^\n/usr/include/c++/5/type_traits:1429:46: note: invalid template non-type parameter\n/usr/include/c++/5/type_traits:1431:47: error: ‘std::size_t’ has not been declared\n   template<typename _Tp, unsigned _Uint, std::size_t _Size>\n                                               ^\n/usr/include/c++/5/type_traits:1433:32: error: ‘size_t’ is not a member of ‘std’\n     : public integral_constant<std::size_t,\n                                ^\n/usr/include/c++/5/type_traits:1433:32: note: suggested alternative:\nIn file included from /usr/include/wchar.h:51:0,\n                 from /usr/include/c++/5/cwchar:44,\n                 from /usr/include/c++/5/bits/postypes.h:40,\n                 from /usr/include/c++/5/iosfwd:40,\n                 from /usr/include/c++/5/ios:38,\n                 from /usr/include/c++/5/ostream:38,\n                 from /usr/include/c++/5/iostream:39,\n                 from main.cpp:3:\n/usr/lib/gcc/x86_64-linux-gnu/5/include/stddef.h:216:23: note:   ‘size_t’\n typedef __SIZE_TYPE__ size_t;\n                       ^\nIn file included from /usr/include/c++/5/bits/move.h:57:0,\n                 from /usr/include/c++/5/bits/stl_pair.h:59,\n                 from /usr/include/c++/5/bits/stl_algobase.h:64,\n                 from /usr/include/c++/5/bits/char_traits.h:39,\n                 from /usr/include/c++/5/ios:40,\n                 from /usr/include/c++/5/ostream:38,\n                 from /usr/include/c++/5/iostream:39,\n                 from main.cpp:3:\n/usr/include/c++/5/type_traits:1433:32: error: ‘size_t’ is not a member of ‘std’\n     : public integral_constant<std::size_t,\n                                ^\n/usr/include/c++/5/type_traits:1433:32: note: suggested alternative:\nIn file included from /usr/include/wchar.h:51:0,\n                 from /usr/include/c++/5/cwchar:44,\n                 from /usr/include/c++/5/bits/postypes.h:40,\n                 from /usr/include/c++/5/iosfwd:40,\n                 from /usr/include/c++/5/ios:38,\n                 from /usr/include/c++/5/ostream:38,\n                 from /usr/include/c++/5/iostream:39,\n                 from main.cpp:3:\n/usr/lib/gcc/x86_64-linux-gnu/5/include/stddef.h:216:23: note:   ‘size_t’\n typedef __SIZE_TYPE__ size_t;\n                       ^\nIn file included from /usr/include/c++/5/bits/move.h:57:0,\n                 from /usr/include/c++/5/bits/stl_pair.h:59,\n                 from /usr/include/c++/5/bits/stl_algobase.h:64,\n                 from /usr/include/c++/5/bits/char_traits.h:39,\n                 from /usr/include/c++/5/ios:40,\n                 from /usr/include/c++/5/ostream:38,\n                 from /usr/include/c++/5/iostream:39,\n                 from main.cpp:3:\n/usr/include/c++/5/type_traits:1435:28: error: template argument 1 is invalid\n           _Uint - 1>::value>\n                            ^\n/usr/include/c++/5/type_traits:1435:28: note: invalid template non-type parameter\n/usr/include/c++/5/type_traits:1440:32: error: ‘size_t’ is not a member of ‘std’\n     : public integral_constant<std::size_t,\n                                ^\n/usr/include/c++/5/type_traits:1440:32: note: suggested alternative:\nIn file included from /usr/include/wchar.h:51:0,\n                 from /usr/include/c++/5/cwchar:44,\n                 from /usr/include/c++/5/bits/postypes.h:40,\n                 from /usr/include/c++/5/iosfwd:40,\n                 from /usr/include/c++/5/ios:38,\n                 from /usr/include/c++/5/ostream:38,\n                 from /usr/include/c++/5/iostream:39,\n                 from main.cpp:3:\n/usr/lib/gcc/x86_64-linux-gnu/5/include/stddef.h:216:23: note:   ‘size_t’\n typedef __SIZE_TYPE__ size_t;\n                       ^\nIn file included from /usr/include/c++/5/bits/move.h:57:0,\n                 from /usr/include/c++/5/bits/stl_pair.h:59,\n                 from /usr/include/c++/5/bits/stl_algobase.h:64,\n                 from /usr/include/c++/5/bits/char_traits.h:39,\n                 from /usr/include/c++/5/ios:40,\n                 from /usr/include/c++/5/ostream:38,\n                 from /usr/include/c++/5/iostream:39,\n                 from main.cpp:3:\n/usr/include/c++/5/type_traits:1440:32: error: ‘size_t’ is not a member of ‘std’\n     : public integral_constant<std::size_t,\n                                ^\n/usr/include/c++/5/type_traits:1440:32: note: suggested alternative:\nIn file included from /usr/include/wchar.h:51:0,\n                 from /usr/include/c++/5/cwchar:44,\n                 from /usr/include/c++/5/bits/postypes.h:40,\n                 from /usr/include/c++/5/iosfwd:40,\n                 from /usr/include/c++/5/ios:38,\n                 from /usr/include/c++/5/ostream:38,\n                 from /usr/include/c++/5/iostream:39,\n                 from main.cpp:3:\n/usr/lib/gcc/x86_64-linux-gnu/5/include/stddef.h:216:23: note:   ‘size_t’\n typedef __SIZE_TYPE__ size_t;\n                       ^\nIn file included from /usr/include/c++/5/bits/move.h:57:0,\n                 from /usr/include/c++/5/bits/stl_pair.h:59,\n                 from /usr/include/c++/5/bits/stl_algobase.h:64,\n                 from /usr/include/c++/5/bits/char_traits.h:39,\n                 from /usr/include/c++/5/ios:40,\n                 from /usr/include/c++/5/ostream:38,\n                 from /usr/include/c++/5/iostream:39,\n                 from main.cpp:3:\n/usr/include/c++/5/type_traits:1442:31: error: template argument 1 is invalid\n              _Uint - 1>::value>\n                               ^\n/usr/include/c++/5/type_traits:1442:31: note: invalid template non-type parameter\n/usr/include/c++/5/type_traits:1892:31: error: ‘std::size_t’ has not been declared\n   template<typename _Tp, std::size_t _Size>\n                               ^\n/usr/include/c++/5/type_traits:1905:31: error: ‘std::size_t’ has not been declared\n   template<typename _Tp, std::size_t _Size>\n                               ^\n/usr/include/c++/5/type_traits:1964:17: error: ‘std::size_t’ has not been declared\n   template<std::size_t _Len>\n                 ^\n/usr/include/c++/5/type_traits:1984:17: error: ‘std::size_t’ has not been declared\n   template<std::size_t _Len, std::size_t _Align =\n                 ^\n/usr/include/c++/5/type_traits:1984:35: error: ‘std::size_t’ has not been declared\n   template<std::size_t _Len, std::size_t _Align =\n                                   ^\nIn file included from /usr/include/c++/5/bits/stl_algobase.h:64:0,\n                 from /usr/include/c++/5/bits/char_traits.h:39,\n                 from /usr/include/c++/5/ios:40,\n                 from /usr/include/c++/5/ostream:38,\n                 from /usr/include/c++/5/iostream:39,\n                 from main.cpp:3:\n/usr/include/c++/5/bits/stl_pair.h:85:17: error: ‘std::size_t’ has not been declared\n   template<std::size_t...>\n                 ^\n/usr/include/c++/5/bits/stl_pair.h:204:41: error: ‘std::size_t’ has not been declared\n       template<typename... _Args1, std::size_t... _Indexes1,\n                                         ^\n/usr/include/c++/5/bits/stl_pair.h:205:41: error: ‘std::size_t’ has not been declared\n                typename... _Args2, std::size_t... _Indexes2>\n                                         ^\nIn file included from /usr/include/c++/5/bits/stl_algobase.h:65:0,\n                 from /usr/include/c++/5/bits/char_traits.h:39,\n                 from /usr/include/c++/5/ios:40,\n                 from /usr/include/c++/5/ostream:38,\n                 from /usr/include/c++/5/iostream:39,\n                 from main.cpp:3:\n/usr/include/c++/5/bits/stl_iterator_base_types.h:116:67: error: ‘ptrdiff_t’ does not name a type\n   template<typename _Category, typename _Tp, typename _Distance = ptrdiff_t,\n                                                                   ^\n/usr/include/c++/5/bits/stl_iterator_base_types.h:182:15: error: ‘ptrdiff_t’ does not name a type\n       typedef ptrdiff_t                   difference_type;\n               ^\n/usr/include/c++/5/bits/stl_iterator_base_types.h:193:15: error: ‘ptrdiff_t’ does not name a type\n       typedef ptrdiff_t                   difference_type;\n               ^\nIn file included from /usr/include/c++/5/bits/stl_iterator.h:66:0,\n                 from /usr/include/c++/5/bits/stl_algobase.h:67,\n                 from /usr/include/c++/5/bits/char_traits.h:39,\n                 from /usr/include/c++/5/ios:40,\n                 from /usr/include/c++/5/ostream:38,\n                 from /usr/include/c++/5/iostream:39,\n                 from main.cpp:3:\n/usr/include/c++/5/bits/ptr_traits.h:69:15: error: ‘ptrdiff_t’ does not name a type\n       typedef ptrdiff_t __type;\n               ^\n/usr/include/c++/5/bits/ptr_traits.h:157:15: error: ‘ptrdiff_t’ does not name a type\n       typedef ptrdiff_t difference_type;\n               ^\nIn file included from /usr/include/c++/5/bits/char_traits.h:39:0,\n                 from /usr/include/c++/5/ios:40,\n                 from /usr/include/c++/5/ostream:38,\n                 from /usr/include/c++/5/iostream:39,\n                 from main.cpp:3:\n/usr/include/c++/5/bits/stl_algobase.h: In static member function ‘static _Tp* std::__copy_move<_IsMove, true, std::random_access_iterator_tag>::__copy_m(const _Tp*, const _Tp*, _Tp*)’:\n/usr/include/c++/5/bits/stl_algobase.h:382:10: error: ‘ptrdiff_t’ does not name a type\n    const ptrdiff_t _Num = __last - __first;\n          ^\n/usr/include/c++/5/bits/stl_algobase.h:383:8: error: ‘_Num’ was not declared in this scope\n    if (_Num)\n        ^\n/usr/include/c++/5/bits/stl_algobase.h:385:22: error: ‘_Num’ was not declared in this scope\n    return __result + _Num;\n                      ^\n/usr/include/c++/5/bits/stl_algobase.h: In static member function ‘static _Tp* std::__copy_move_backward<_IsMove, true, std::random_access_iterator_tag>::__copy_move_b(const _Tp*, const _Tp*, _Tp*)’:\n/usr/include/c++/5/bits/stl_algobase.h:584:10: error: ‘ptrdiff_t’ does not name a type\n    const ptrdiff_t _Num = __last - __first;\n          ^\n/usr/include/c++/5/bits/stl_algobase.h:585:8: error: ‘_Num’ was not declared in this scope\n    if (_Num)\n        ^\n/usr/include/c++/5/bits/stl_algobase.h:587:22: error: ‘_Num’ was not declared in this scope\n    return __result - _Num;\n                      ^\nIn file included from /usr/include/c++/5/ios:40:0,\n                 from /usr/include/c++/5/ostream:38,\n                 from /usr/include/c++/5/iostream:39,\n                 from main.cpp:3:\n/usr/include/c++/5/bits/char_traits.h: At global scope:\n/usr/include/c++/5/bits/char_traits.h:104:66: error: ‘std::size_t’ has not been declared\n       compare(const char_type* __s1, const char_type* __s2, std::size_t __n);\n                                                                  ^\n/usr/include/c++/5/bits/char_traits.h:106:19: error: ‘size_t’ in namespace ‘std’ does not name a type\n       static std::size_t\n                   ^\n/usr/include/c++/5/bits/char_traits.h:110:39: error: ‘std::size_t’ has not been declared\n       find(const char_type* __s, std::size_t __n, const char_type& __a);\n                                       ^\n/usr/include/c++/5/bits/char_traits.h:113:57: error: ‘std::size_t’ has not been declared\n       move(char_type* __s1, const char_type* __s2, std::size_t __n);\n                                                         ^\n/usr/include/c++/5/bits/char_traits.h:116:57: error: ‘std::size_t’ has not been declared\n       copy(char_type* __s1, const char_type* __s2, std::size_t __n);\n                                                         ^\n/usr/include/c++/5/bits/char_traits.h:119:35: error: ‘std::size_t’ has not been declared\n       assign(char_type* __s, std::size_t __n, char_type __a);\n                                   ^\n/usr/include/c++/5/bits/char_traits.h:145:64: error: ‘std::size_t’ has not been declared\n     compare(const char_type* __s1, const char_type* __s2, std::size_t __n)\n                                                                ^\n/usr/include/c++/5/bits/char_traits.h: In static member function ‘static int __gnu_cxx::char_traits<_CharT>::compare(const char_type*, const char_type*, int)’:\n/usr/include/c++/5/bits/char_traits.h:147:12: error: ‘size_t’ is not a member of ‘std’\n       for (std::size_t __i = 0; __i < __n; ++__i)\n            ^\n/usr/include/c++/5/bits/char_traits.h:147:12: note: suggested alternative:\nIn file included from /usr/include/wchar.h:51:0,\n                 from /usr/include/c++/5/cwchar:44,\n                 from /usr/include/c++/5/bits/postypes.h:40,\n                 from /usr/include/c++/5/iosfwd:40,\n                 from /usr/include/c++/5/ios:38,\n                 from /usr/include/c++/5/ostream:38,\n                 from /usr/include/c++/5/iostream:39,\n                 from main.cpp:3:\n/usr/lib/gcc/x86_64-linux-gnu/5/include/stddef.h:216:23: note:   ‘size_t’\n typedef __SIZE_TYPE__ size_t;\n                       ^\nIn file included from /usr/include/c++/5/ios:40:0,\n                 from /usr/include/c++/5/ostream:38,\n                 from /usr/include/c++/5/iostream:39,\n                 from main.cpp:3:\n/usr/include/c++/5/bits/char_traits.h:147:33: error: ‘__i’ was not declared in this scope\n       for (std::size_t __i = 0; __i < __n; ++__i)\n                                 ^\n/usr/include/c++/5/bits/char_traits.h: At global scope:\n/usr/include/c++/5/bits/char_traits.h:156:10: error: ‘size_t’ in namespace ‘std’ does not name a type\n     std::size_t\n          ^\n/usr/include/c++/5/bits/char_traits.h:169:37: error: ‘std::size_t’ has not been declared\n     find(const char_type* __s, std::size_t __n, const char_type& __a)\n                                     ^\n/usr/include/c++/5/bits/char_traits.h: In static member function ‘static const char_type* __gnu_cxx::char_traits<_CharT>::find(const char_type*, int, const char_type&)’:\n/usr/include/c++/5/bits/char_traits.h:171:12: error: ‘size_t’ is not a member of ‘std’\n       for (std::size_t __i = 0; __i < __n; ++__i)\n            ^\n/usr/include/c++/5/bits/char_traits.h:171:12: note: suggested alternative:\nIn file included from /usr/include/wchar.h:51:0,\n                 from /usr/include/c++/5/cwchar:44,\n                 from /usr/include/c++/5/bits/postypes.h:40,\n                 from /usr/include/c++/5/iosfwd:40,\n                 from /usr/include/c++/5/ios:38,\n                 from /usr/include/c++/5/ostream:38,\n                 from /usr/include/c++/5/iostream:39,\n                 from main.cpp:3:\n/usr/lib/gcc/x86_64-linux-gnu/5/include/stddef.h:216:23: note:   ‘size_t’\n typedef __SIZE_TYPE__ size_t;\n                       ^\nIn file included from /usr/include/c++/5/ios:40:0,\n                 from /usr/include/c++/5/ostream:38,\n                 from /usr/include/c++/5/iostream:39,\n                 from main.cpp:3:\n/usr/include/c++/5/bits/char_traits.h:171:33: error: ‘__i’ was not declared in this scope\n       for (std::size_t __i = 0; __i < __n; ++__i)\n                                 ^\n/usr/include/c++/5/bits/char_traits.h: At global scope:\n/usr/include/c++/5/bits/char_traits.h:180:55: error: ‘std::size_t’ has not been declared\n     move(char_type* __s1, const char_type* __s2, std::size_t __n)\n                                                       ^\n/usr/include/c++/5/bits/char_traits.h:189:55: error: ‘std::size_t’ has not been declared\n     copy(char_type* __s1, const char_type* __s2, std::size_t __n)\n                                                       ^\n/usr/include/c++/5/bits/char_traits.h:199:33: error: ‘std::size_t’ has not been declared\n     assign(char_type* __s, std::size_t __n, char_type __a)\n                                 ^\nIn file included from /usr/include/c++/5/ext/new_allocator.h:33:0,\n                 from /usr/include/x86_64-linux-gnu/c++/5/bits/c++allocator.h:33,\n                 from /usr/include/c++/5/bits/allocator.h:46,\n                 from /usr/include/c++/5/string:41,\n                 from /usr/include/c++/5/bits/locale_classes.h:40,\n                 from /usr/include/c++/5/bits/ios_base.h:41,\n                 from /usr/include/c++/5/ios:42,\n                 from /usr/include/c++/5/ostream:38,\n                 from /usr/include/c++/5/iostream:39,\n                 from main.cpp:3:\n/usr/include/c++/5/new:111:31: error: declaration of ‘operator new’ as non-function\n void* operator new(std::size_t) _GLIBCXX_THROW (std::bad_alloc)\n                               ^\n/usr/include/c++/5/new:111:20: error: ‘size_t’ is not a member of ‘std’\n void* operator new(std::size_t) _GLIBCXX_THROW (std::bad_alloc)\n                    ^\n/usr/include/c++/5/new:111:20: note: suggested alternative:\nIn file included from /usr/include/wchar.h:51:0,\n                 from /usr/include/c++/5/cwchar:44,\n                 from /usr/include/c++/5/bits/postypes.h:40,\n                 from /usr/include/c++/5/iosfwd:40,\n                 from /usr/include/c++/5/ios:38,\n                 from /usr/include/c++/5/ostream:38,\n                 from /usr/include/c++/5/iostream:39,\n                 from main.cpp:3:\n/usr/lib/gcc/x86_64-linux-gnu/5/include/stddef.h:216:23: note:   ‘size_t’\n typedef __SIZE_TYPE__ size_t;\n                       ^\nIn file included from /usr/include/c++/5/ext/new_allocator.h:33:0,\n                 from /usr/include/x86_64-linux-gnu/c++/5/bits/c++allocator.h:33,\n                 from /usr/include/c++/5/bits/allocator.h:46,\n                 from /usr/include/c++/5/string:41,\n                 from /usr/include/c++/5/bits/locale_classes.h:40,\n                 from /usr/include/c++/5/bits/ios_base.h:41,\n                 from /usr/include/c++/5/ios:42,\n                 from /usr/include/c++/5/ostream:38,\n                 from /usr/include/c++/5/iostream:39,\n                 from main.cpp:3:\n/usr/include/c++/5/new:113:33: error: declaration of ‘operator new []’ as non-function\n void* operator new[](std::size_t) _GLIBCXX_THROW (std::bad_alloc)\n                                 ^\n/usr/include/c++/5/new:113:22: error: ‘size_t’ is not a member of ‘std’\n void* operator new[](std::size_t) _GLIBCXX_THROW (std::bad_alloc)\n                      ^\n/usr/include/c++/5/new:113:22: note: suggested alternative:\nIn file included from /usr/include/wchar.h:51:0,\n                 from /usr/include/c++/5/cwchar:44,\n                 from /usr/include/c++/5/bits/postypes.h:40,\n                 from /usr/include/c++/5/iosfwd:40,\n                 from /usr/include/c++/5/ios:38,\n                 from /usr/include/c++/5/ostream:38,\n                 from /usr/include/c++/5/iostream:39,\n                 from main.cpp:3:\n/usr/lib/gcc/x86_64-linux-gnu/5/include/stddef.h:216:23: note:   ‘size_t’\n typedef __SIZE_TYPE__ size_t;\n                       ^\nIn file included from /usr/include/c++/5/ext/new_allocator.h:33:0,\n                 from /usr/include/x86_64-linux-gnu/c++/5/bits/c++allocator.h:33,\n                 from /usr/include/c++/5/bits/allocator.h:46,\n                 from /usr/include/c++/5/string:41,\n                 from /usr/include/c++/5/bits/locale_classes.h:40,\n                 from /usr/include/c++/5/bits/ios_base.h:41,\n                 from /usr/include/c++/5/ios:42,\n                 from /usr/include/c++/5/ostream:38,\n                 from /usr/include/c++/5/iostream:39,\n                 from main.cpp:3:\n/usr/include/c++/5/new:119:25: error: declaration of ‘operator new’ as non-function\n void* operator new(std::size_t, const std::nothrow_t&) _GLIBCXX_USE_NOEXCEPT\n                         ^\n/usr/include/c++/5/new:119:20: error: ‘size_t’ is not a member of ‘std’\n void* operator new(std::size_t, const std::nothrow_t&) _GLIBCXX_USE_NOEXCEPT\n                    ^\n/usr/include/c++/5/new:119:20: note: suggested alternative:\nIn file included from /usr/include/wchar.h:51:0,\n                 from /usr/include/c++/5/cwchar:44,\n                 from /usr/include/c++/5/bits/postypes.h:40,\n                 from /usr/include/c++/5/iosfwd:40,\n                 from /usr/include/c++/5/ios:38,\n                 from /usr/include/c++/5/ostream:38,\n                 from /usr/include/c++/5/iostream:39,\n                 from main.cpp:3:\n/usr/lib/gcc/x86_64-linux-gnu/5/include/stddef.h:216:23: note:   ‘size_t’\n typedef __SIZE_TYPE__ size_t;\n                       ^\nIn file included from /usr/include/c++/5/ext/new_allocator.h:33:0,\n                 from /usr/include/x86_64-linux-gnu/c++/5/bits/c++allocator.h:33,\n                 from /usr/include/c++/5/bits/allocator.h:46,\n                 from /usr/include/c++/5/string:41,\n                 from /usr/include/c++/5/bits/locale_classes.h:40,\n                 from /usr/include/c++/5/bits/ios_base.h:41,\n                 from /usr/include/c++/5/ios:42,\n                 from /usr/include/c++/5/ostream:38,\n                 from /usr/include/c++/5/iostream:39,\n                 from main.cpp:3:\n/usr/include/c++/5/new:119:33: error: expected primary-expression before ‘const’\n void* operator new(std::size_t, const std::nothrow_t&) _GLIBCXX_USE_NOEXCEPT\n                                 ^\n/usr/include/c++/5/new:121:27: error: declaration of ‘operator new []’ as non-function\n void* operator new[](std::size_t, const std::nothrow_t&) _GLIBCXX_USE_NOEXCEPT\n                           ^\n/usr/include/c++/5/new:121:22: error: ‘size_t’ is not a member of ‘std’\n void* operator new[](std::size_t, const std::nothrow_t&) _GLIBCXX_USE_NOEXCEPT\n                      ^\n/usr/include/c++/5/new:121:22: note: suggested alternative:\nIn file included from /usr/include/wchar.h:51:0,\n                 from /usr/include/c++/5/cwchar:44,\n                 from /usr/include/c++/5/bits/postypes.h:40,\n                 from /usr/include/c++/5/iosfwd:40,\n                 from /usr/include/c++/5/ios:38,\n                 from /usr/include/c++/5/ostream:38,\n                 from /usr/include/c++/5/iostream:39,\n                 from main.cpp:3:\n/usr/lib/gcc/x86_64-linux-gnu/5/include/stddef.h:216:23: note:   ‘size_t’\n typedef __SIZE_TYPE__ size_t;\n                       ^\nIn file included from /usr/include/c++/5/ext/new_allocator.h:33:0,\n                 from /usr/include/x86_64-linux-gnu/c++/5/bits/c++allocator.h:33,\n                 from /usr/include/c++/5/bits/allocator.h:46,\n                 from /usr/include/c++/5/string:41,\n                 from /usr/include/c++/5/bits/locale_classes.h:40,\n                 from /usr/include/c++/5/bits/ios_base.h:41,\n                 from /usr/include/c++/5/ios:42,\n                 from /usr/include/c++/5/ostream:38,\n                 from /usr/include/c++/5/iostream:39,\n                 from main.cpp:3:\n/usr/include/c++/5/new:121:35: error: expected primary-expression before ‘const’\n void* operator new[](std::size_t, const std::nothrow_t&) _GLIBCXX_USE_NOEXCEPT\n                                   ^\n/usr/include/c++/5/new:129:32: error: declaration of ‘operator new’ as non-function\n inline void* operator new(std::size_t, void* __p) _GLIBCXX_USE_NOEXCEPT\n                                ^\n/usr/include/c++/5/new:129:27: error: ‘size_t’ is not a member of ‘std’\n inline void* operator new(std::size_t, void* __p) _GLIBCXX_USE_NOEXCEPT\n                           ^\n/usr/include/c++/5/new:129:27: note: suggested alternative:\nIn file included from /usr/include/wchar.h:51:0,\n                 from /usr/include/c++/5/cwchar:44,\n                 from /usr/include/c++/5/bits/postypes.h:40,\n                 from /usr/include/c++/5/iosfwd:40,\n                 from /usr/include/c++/5/ios:38,\n                 from /usr/include/c++/5/ostream:38,\n                 from /usr/include/c++/5/iostream:39,\n                 from main.cpp:3:\n/usr/lib/gcc/x86_64-linux-gnu/5/include/stddef.h:216:23: note:   ‘size_t’\n typedef __SIZE_TYPE__ size_t;\n                       ^\nIn file included from /usr/include/c++/5/ext/new_allocator.h:33:0,\n                 from /usr/include/x86_64-linux-gnu/c++/5/bits/c++allocator.h:33,\n                 from /usr/include/c++/5/bits/allocator.h:46,\n                 from /usr/include/c++/5/string:41,\n                 from /usr/include/c++/5/bits/locale_classes.h:40,\n                 from /usr/include/c++/5/bits/ios_base.h:41,\n                 from /usr/include/c++/5/ios:42,\n                 from /usr/include/c++/5/ostream:38,\n                 from /usr/include/c++/5/iostream:39,\n                 from main.cpp:3:\n/usr/include/c++/5/new:129:40: error: expected primary-expression before ‘void’\n inline void* operator new(std::size_t, void* __p) _GLIBCXX_USE_NOEXCEPT\n                                        ^\n/usr/include/c++/5/new:131:34: error: declaration of ‘operator new []’ as non-function\n inline void* operator new[](std::size_t, void* __p) _GLIBCXX_USE_NOEXCEPT\n                                  ^\n/usr/include/c++/5/new:131:29: error: ‘size_t’ is not a member of ‘std’\n inline void* operator new[](std::size_t, void* __p) _GLIBCXX_USE_NOEXCEPT\n                             ^\n/usr/include/c++/5/new:131:29: note: suggested alternative:\nIn file included from /usr/include/wchar.h:51:0,\n                 from /usr/include/c++/5/cwchar:44,\n                 from /usr/include/c++/5/bits/postypes.h:40,\n                 from /usr/include/c++/5/iosfwd:40,\n                 from /usr/include/c++/5/ios:38,\n                 from /usr/include/c++/5/ostream:38,\n                 from /usr/include/c++/5/iostream:39,\n                 from main.cpp:3:\n/usr/lib/gcc/x86_64-linux-gnu/5/include/stddef.h:216:23: note:   ‘size_t’\n typedef __SIZE_TYPE__ size_t;\n                       ^\nIn file included from /usr/include/c++/5/ext/new_allocator.h:33:0,\n                 from /usr/include/x86_64-linux-gnu/c++/5/bits/c++allocator.h:33,\n                 from /usr/include/c++/5/bits/allocator.h:46,\n                 from /usr/include/c++/5/string:41,\n                 from /usr/include/c++/5/bits/locale_classes.h:40,\n                 from /usr/include/c++/5/bits/ios_base.h:41,\n                 from /usr/include/c++/5/ios:42,\n                 from /usr/include/c++/5/ostream:38,\n                 from /usr/include/c++/5/iostream:39,\n                 from main.cpp:3:\n/usr/include/c++/5/new:131:42: error: expected primary-expression before ‘void’\n inline void* operator new[](std::size_t, void* __p) _GLIBCXX_USE_NOEXCEPT\n                                          ^\nIn file included from /usr/include/x86_64-linux-gnu/c++/5/bits/c++allocator.h:33:0,\n                 from /usr/include/c++/5/bits/allocator.h:46,\n                 from /usr/include/c++/5/string:41,\n                 from /usr/include/c++/5/bits/locale_classes.h:40,\n                 from /usr/include/c++/5/bits/ios_base.h:41,\n                 from /usr/include/c++/5/ios:42,\n                 from /usr/include/c++/5/ostream:38,\n                 from /usr/include/c++/5/iostream:39,\n                 from main.cpp:3:\n/usr/include/c++/5/ext/new_allocator.h:44:14: error: ‘std::size_t’ has not been declared\n   using std::size_t;\n              ^\n/usr/include/c++/5/ext/new_allocator.h:45:14: error: ‘std::ptrdiff_t’ has not been declared\n   using std::ptrdiff_t;\n              ^\n/usr/include/c++/5/ext/new_allocator.h:62:15: error: ‘ptrdiff_t’ does not name a type\n       typedef ptrdiff_t  difference_type;\n               ^\nIn file included from /usr/include/c++/5/string:41:0,\n                 from /usr/include/c++/5/bits/locale_classes.h:40,\n                 from /usr/include/c++/5/bits/ios_base.h:41,\n                 from /usr/include/c++/5/ios:42,\n                 from /usr/include/c++/5/ostream:38,\n                 from /usr/include/c++/5/iostream:39,\n                 from main.cpp:3:\n/usr/include/c++/5/bits/allocator.h:67:15: error: ‘ptrdiff_t’ does not name a type\n       typedef ptrdiff_t   difference_type;\n               ^\n/usr/include/c++/5/bits/allocator.h:96:15: error: ‘ptrdiff_t’ does not name a type\n       typedef ptrdiff_t  difference_type;\n               ^\nIn file included from /usr/include/c++/5/string:44:0,\n                 from /usr/include/c++/5/bits/locale_classes.h:40,\n                 from /usr/include/c++/5/bits/ios_base.h:41,\n                 from /usr/include/c++/5/ios:42,\n                 from /usr/include/c++/5/ostream:38,\n                 from /usr/include/c++/5/iostream:39,\n                 from main.cpp:3:\n/usr/include/c++/5/bits/ostream_insert.h:45:26: error: ‘streamsize’ has not been declared\n       const _CharT* __s, streamsize __n)\n                          ^\n/usr/include/c++/5/bits/ostream_insert.h: In function ‘void std::__ostream_write(std::basic_ostream<_CharT, _Traits>&, const _CharT*, int)’:\n/usr/include/c++/5/bits/ostream_insert.h:50:13: error: ‘streamsize’ does not name a type\n       const streamsize __put = __out.rdbuf()->sputn(__s, __n);\n             ^\n/usr/include/c++/5/bits/ostream_insert.h:51:11: error: ‘__put’ was not declared in this scope\n       if (__put != __n)\n           ^\n/usr/include/c++/5/bits/ostream_insert.h: At global scope:\n/usr/include/c++/5/bits/ostream_insert.h:57:59: error: ‘streamsize’ has not been declared\n     __ostream_fill(basic_ostream<_CharT, _Traits>& __out, streamsize __n)\n                                                           ^\n/usr/include/c++/5/bits/ostream_insert.h:77:27: error: ‘streamsize’ has not been declared\n        const _CharT* __s, streamsize __n)\n                           ^\n/usr/include/c++/5/bits/ostream_insert.h: In function ‘std::basic_ostream<_CharT, _Traits>& std::__ostream_insert(std::basic_ostream<_CharT, _Traits>&, const _CharT*, int)’:\n/usr/include/c++/5/bits/ostream_insert.h:87:14: error: ‘streamsize’ does not name a type\n        const streamsize __w = __out.width();\n              ^\n/usr/include/c++/5/bits/ostream_insert.h:88:12: error: ‘__w’ was not declared in this scope\n        if (__w > __n)\n            ^\n/usr/include/c++/5/bits/ostream_insert.h: At global scope:\n/usr/include/c++/5/bits/ostream_insert.h:118:68: error: ‘streamsize’ has not been declared\n   extern template ostream& __ostream_insert(ostream&, const char*, streamsize);\n                                                                    ^\n/usr/include/c++/5/bits/ostream_insert.h:122:11: error: ‘streamsize’ has not been declared\n           streamsize);\n           ^\nIn file included from /usr/include/c++/5/ext/alloc_traits.h:36:0,\n                 from /usr/include/c++/5/bits/basic_string.h:40,\n                 from /usr/include/c++/5/string:52,\n                 from /usr/include/c++/5/bits/locale_classes.h:40,\n                 from /usr/include/c++/5/bits/ios_base.h:41,\n                 from /usr/include/c++/5/ios:42,\n                 from /usr/include/c++/5/ostream:38,\n                 from /usr/include/c++/5/iostream:39,\n                 from main.cpp:3:\n/usr/include/c++/5/bits/alloc_traits.h:462:36: error: ‘ptrdiff_t’ in namespace ‘std’ does not name a type\n       using difference_type = std::ptrdiff_t;\n                                    ^\n/usr/include/c++/5/bits/alloc_traits.h:465:30: error: ‘size_t’ in namespace ‘std’ does not name a type\n       using size_type = std::size_t;\n                              ^\n/usr/include/c++/5/bits/alloc_traits.h:490:37: error: ‘size_type’ has not been declared\n       allocate(allocator_type& __a, size_type __n)\n                                     ^\n/usr/include/c++/5/bits/alloc_traits.h:504:37: error: ‘size_type’ has not been declared\n       allocate(allocator_type& __a, size_type __n, const_void_pointer __hint)\n                                     ^\n/usr/include/c++/5/bits/alloc_traits.h:516:52: error: ‘size_type’ has not been declared\n       deallocate(allocator_type& __a, pointer __p, size_type __n)\n                                                    ^\n/usr/include/c++/5/bits/alloc_traits.h:549:14: error: ‘size_type’ does not name a type\n       static size_type\n              ^\nIn file included from /usr/include/c++/5/bits/basic_string.h:5249:0,\n                 from /usr/include/c++/5/string:52,\n                 from /usr/include/c++/5/bits/locale_classes.h:40,\n                 from /usr/include/c++/5/bits/ios_base.h:41,\n                 from /usr/include/c++/5/ios:42,\n                 from /usr/include/c++/5/ostream:38,\n                 from /usr/include/c++/5/iostream:39,\n                 from main.cpp:3:\n/usr/include/c++/5/ext/string_conversions.h:55:51: error: ‘std::size_t’ has not been declared\n     const char* __name, const _CharT* __str, std::size_t* __idx,\n                                                   ^\n/usr/include/c++/5/ext/string_conversions.h:83:48: error: ‘std::size_t’ has not been declared\n     __to_xstring(int (*__convf) (_CharT*, std::size_t, const _CharT*,\n                                                ^\n/usr/include/c++/5/ext/string_conversions.h:84:31: error: ‘std::size_t’ has not been declared\n      __builtin_va_list), std::size_t __n,\n                               ^\nIn file included from /usr/include/c++/5/bits/basic_string.h:40:0,\n                 from /usr/include/c++/5/string:52,\n                 from /usr/include/c++/5/bits/locale_classes.h:40,\n                 from /usr/include/c++/5/bits/ios_base.h:41,\n                 from /usr/include/c++/5/ios:42,\n                 from /usr/include/c++/5/ostream:38,\n                 from /usr/include/c++/5/iostream:39,\n                 from main.cpp:3:\n/usr/include/c++/5/ext/alloc_traits.h: In instantiation of ‘struct __gnu_cxx::__alloc_traits<std::allocator<char> >’:\n/usr/include/c++/5/bits/basic_string.h:74:24:   required from ‘class std::__cxx11::basic_string<char>’\n/usr/include/c++/5/bits/basic_string.h:5259:68:   required from here\n/usr/include/c++/5/ext/alloc_traits.h:106:53: error: no type named ‘size_type’ in ‘struct std::allocator_traits<std::allocator<char> >’\n     typedef typename _Base_type::size_type          size_type;\n                                                     ^\n/usr/include/c++/5/ext/alloc_traits.h:107:53: error: no type named ‘difference_type’ in ‘struct std::allocator_traits<std::allocator<char> >’\n     typedef typename _Base_type::difference_type    difference_type;\n                                                     ^\n/usr/include/c++/5/ext/alloc_traits.h:115:23: error: no members matching ‘__gnu_cxx::__alloc_traits<std::allocator<char> >::_Base_type {aka std::allocator_traits<std::allocator<char> >}::max_size’ in ‘__gnu_cxx::__alloc_traits<std::allocator<char> >::_Base_type {aka struct std::allocator_traits<std::allocator<char> >}’\n     using _Base_type::max_size;\n                       ^\nIn file included from /usr/include/c++/5/string:52:0,\n                 from /usr/include/c++/5/bits/locale_classes.h:40,\n                 from /usr/include/c++/5/bits/ios_base.h:41,\n                 from /usr/include/c++/5/ios:42,\n                 from /usr/include/c++/5/ostream:38,\n                 from /usr/include/c++/5/iostream:39,\n                 from main.cpp:3:\n/usr/include/c++/5/bits/basic_string.h: In function ‘int std::__cxx11::stoi(const string&, size_t*, int)’:\n/usr/include/c++/5/bits/basic_string.h:5260:19: error: no matching function for call to ‘__stoa(long int (*)(const char*, char**, int) throw (), const char [5], const char*, size_t*&, int&)’\n      __idx, __base); }\n                   ^\nIn file included from /usr/include/c++/5/bits/basic_string.h:5249:0,\n                 from /usr/include/c++/5/string:52,\n                 from /usr/include/c++/5/bits/locale_classes.h:40,\n                 from /usr/include/c++/5/bits/ios_base.h:41,\n                 from /usr/include/c++/5/ios:42,\n                 from /usr/include/c++/5/ostream:38,\n                 from /usr/include/c++/5/iostream:39,\n                 from main.cpp:3:\n/usr/include/c++/5/ext/string_conversions.h:54:5: note: candidate: template<class _TRet, class _Ret, class _CharT, class ... _Base> _Ret __gnu_cxx::__stoa(_TRet (*)(const _CharT*, _CharT**, _Base ...), const char*, const _CharT*, int*, _Base ...)\n     __stoa(_TRet (*__convf) (const _CharT*, _CharT**, _Base...),\n     ^\n/usr/include/c++/5/ext/string_conversions.h:54:5: note:   template argument deduction/substitution failed:\nIn file included from /usr/include/c++/5/string:52:0,\n                 from /usr/include/c++/5/bits/locale_classes.h:40,\n                 from /usr/include/c++/5/bits/ios_base.h:41,\n                 from /usr/include/c++/5/ios:42,\n                 from /usr/include/c++/5/ostream:38,\n                 from /usr/include/c++/5/iostream:39,\n                 from main.cpp:3:\n/usr/include/c++/5/bits/basic_string.h:5260:19: note:   cannot convert ‘__idx’ (type ‘size_t* {aka long unsigned int*}’) to type ‘int*’\n      __idx, __base); }\n                   ^\n/usr/include/c++/5/bits/basic_string.h: In function ‘long int std::__cxx11::stol(const string&, size_t*, int)’:\n/usr/include/c++/5/bits/basic_string.h:5265:22: error: no matching function for call to ‘__stoa(long int (*)(const char*, char**, int) throw (), const char [5], const char*, size_t*&, int&)’\n         __idx, __base); }\n                      ^\nIn file included from /usr/include/c++/5/bits/basic_string.h:5249:0,\n                 from /usr/include/c++/5/string:52,\n                 from /usr/include/c++/5/bits/locale_classes.h:40,\n                 from /usr/include/c++/5/bits/ios_base.h:41,\n                 from /usr/include/c++/5/ios:42,\n                 from /usr/include/c++/5/ostream:38,\n                 from /usr/include/c++/5/iostream:39,\n                 from main.cpp:3:\n/usr/include/c++/5/ext/string_conversions.h:54:5: note: candidate: template<class _TRet, class _Ret, class _CharT, class ... _Base> _Ret __gnu_cxx::__stoa(_TRet (*)(const _CharT*, _CharT**, _Base ...), const char*, const _CharT*, int*, _Base ...)\n     __stoa(_TRet (*__convf) (const _CharT*, _CharT**, _Base...),\n     ^\n/usr/include/c++/5/ext/string_conversions.h:54:5: note:   template argument deduction/substitution failed:\nIn file included from /usr/include/c++/5/string:52:0,\n                 from /usr/include/c++/5/bits/locale_classes.h:40,\n                 from /usr/include/c++/5/bits/ios_base.h:41,\n                 from /usr/include/c++/5/ios:42,\n                 from /usr/include/c++/5/ostream:38,\n                 from /usr/include/c++/5/iostream:39,\n                 from main.cpp:3:\n/usr/include/c++/5/bits/basic_string.h:5265:22: note:   cannot convert ‘__idx’ (type ‘size_t* {aka long unsigned int*}’) to type ‘int*’\n         __idx, __base); }\n                      ^\n/usr/include/c++/5/bits/basic_string.h: In function ‘long unsigned int std::__cxx11::stoul(const string&, size_t*, int)’:\n/usr/include/c++/5/bits/basic_string.h:5270:22: error: no matching function for call to ‘__stoa(long unsigned int (*)(const char*, char**, int) throw (), const char [6], const char*, size_t*&, int&)’\n         __idx, __base); }\n                      ^\nIn file included from /usr/include/c++/5/bits/basic_string.h:5249:0,\n                 from /usr/include/c++/5/string:52,\n                 from /usr/include/c++/5/bits/locale_classes.h:40,\n                 from /usr/include/c++/5/bits/ios_base.h:41,\n                 from /usr/include/c++/5/ios:42,\n                 from /usr/include/c++/5/ostream:38,\n                 from /usr/include/c++/5/iostream:39,\n                 from main.cpp:3:\n/usr/include/c++/5/ext/string_conversions.h:54:5: note: candidate: template<class _TRet, class _Ret, class _CharT, class ... _Base> _Ret __gnu_cxx::__stoa(_TRet (*)(const _CharT*, _CharT**, _Base ...), const char*, const _CharT*, int*, _Base ...)\n     __stoa(_TRet (*__convf) (const _CharT*, _CharT**, _Base...),\n     ^\n/usr/include/c++/5/ext/string_conversions.h:54:5: note:   template argument deduction/substitution failed:\nIn file included from /usr/include/c++/5/string:52:0,\n                 from /usr/include/c++/5/bits/locale_classes.h:40,\n                 from /usr/include/c++/5/bits/ios_base.h:41,\n                 from /usr/include/c++/5/ios:42,\n                 from /usr/include/c++/5/ostream:38,\n                 from /usr/include/c++/5/iostream:39,\n                 from main.cpp:3:\n/usr/include/c++/5/bits/basic_string.h:5270:22: note:   cannot convert ‘__idx’ (type ‘size_t* {aka long unsigned int*}’) to type ‘int*’\n         __idx, __base); }\n                      ^\n/usr/include/c++/5/bits/basic_string.h: In function ‘long long int std::__cxx11::stoll(const string&, size_t*, int)’:\n/usr/include/c++/5/bits/basic_string.h:5275:22: error: no matching function for call to ‘__stoa(long long int (*)(const char*, char**, int) throw (), const char [6], const char*, size_t*&, int&)’\n         __idx, __base); }\n                      ^\nIn file included from /usr/include/c++/5/bits/basic_string.h:5249:0,\n                 from /usr/include/c++/5/string:52,\n                 from /usr/include/c++/5/bits/locale_classes.h:40,\n                 from /usr/include/c++/5/bits/ios_base.h:41,\n                 from /usr/include/c++/5/ios:42,\n                 from /usr/include/c++/5/ostream:38,\n                 from /usr/include/c++/5/iostream:39,\n                 from main.cpp:3:\n/usr/include/c++/5/ext/string_conversions.h:54:5: note: candidate: template<class _TRet, class _Ret, class _CharT, class ... _Base> _Ret __gnu_cxx::__stoa(_TRet (*)(const _CharT*, _CharT**, _Base ...), const char*, const _CharT*, int*, _Base ...)\n     __stoa(_TRet (*__convf) (const _CharT*, _CharT**, _Base...),\n     ^\n/usr/include/c++/5/ext/string_conversions.h:54:5: note:   template argument deduction/substitution failed:\nIn file included from /usr/include/c++/5/string:52:0,\n                 from /usr/include/c++/5/bits/locale_classes.h:40,\n                 from /usr/include/c++/5/bits/ios_base.h:41,\n                 from /usr/include/c++/5/ios:42,\n                 from /usr/include/c++/5/ostream:38,\n                 from /usr/include/c++/5/iostream:39,\n                 from main.cpp:3:\n/usr/include/c++/5/bits/basic_string.h:5275:22: note:   cannot convert ‘__idx’ (type ‘size_t* {aka long unsigned int*}’) to type ‘int*’\n         __idx, __base); }\n                      ^\n/usr/include/c++/5/bits/basic_string.h: In function ‘long long unsigned int std::__cxx11::stoull(const string&, size_t*, int)’:\n/usr/include/c++/5/bits/basic_string.h:5280:22: error: no matching function for call to ‘__stoa(long long unsigned int (*)(const char*, char**, int) throw (), const char [7], const char*, size_t*&, int&)’\n         __idx, __base); }\n                      ^\nIn file included from /usr/include/c++/5/bits/basic_string.h:5249:0,\n                 from /usr/include/c++/5/string:52,\n                 from /usr/include/c++/5/bits/locale_classes.h:40,\n                 from /usr/include/c++/5/bits/ios_base.h:41,\n                 from /usr/include/c++/5/ios:42,\n                 from /usr/include/c++/5/ostream:38,\n                 from /usr/include/c++/5/iostream:39,\n                 from main.cpp:3:\n/usr/include/c++/5/ext/string_conversions.h:54:5: note: candidate: template<class _TRet, class _Ret, class _CharT, class ... _Base> _Ret __gnu_cxx::__stoa(_TRet (*)(const _CharT*, _CharT**, _Base ...), const char*, const _CharT*, int*, _Base ...)\n     __stoa(_TRet (*__convf) (const _CharT*, _CharT**, _Base...),\n     ^\n/usr/include/c++/5/ext/string_conversions.h:54:5: note:   template argument deduction/substitution failed:\nIn file included from /usr/include/c++/5/string:52:0,\n                 from /usr/include/c++/5/bits/locale_classes.h:40,\n                 from /usr/include/c++/5/bits/ios_base.h:41,\n                 from /usr/include/c++/5/ios:42,\n                 from /usr/include/c++/5/ostream:38,\n                 from /usr/include/c++/5/iostream:39,\n                 from main.cpp:3:\n/usr/include/c++/5/bits/basic_string.h:5280:22: note:   cannot convert ‘__idx’ (type ‘size_t* {aka long unsigned int*}’) to type ‘int*’\n         __idx, __base); }\n                      ^\n/usr/include/c++/5/bits/basic_string.h: In function ‘float std::__cxx11::stof(const string&, size_t*)’:\n/usr/include/c++/5/bits/basic_string.h:5285:72: error: no matching function for call to ‘__stoa(float (*)(const char*, char**) throw (), const char [5], const char*, size_t*&)’\n   { return __gnu_cxx::__stoa(&std::strtof, \"stof\", __str.c_str(), __idx); }\n                                                                        ^\nIn file included from /usr/include/c++/5/bits/basic_string.h:5249:0,\n                 from /usr/include/c++/5/string:52,\n                 from /usr/include/c++/5/bits/locale_classes.h:40,\n                 from /usr/include/c++/5/bits/ios_base.h:41,\n                 from /usr/include/c++/5/ios:42,\n                 from /usr/include/c++/5/ostream:38,\n                 from /usr/include/c++/5/iostream:39,\n                 from main.cpp:3:\n/usr/include/c++/5/ext/string_conversions.h:54:5: note: candidate: template<class _TRet, class _Ret, class _CharT, class ... _Base> _Ret __gnu_cxx::__stoa(_TRet (*)(const _CharT*, _CharT**, _Base ...), const char*, const _CharT*, int*, _Base ...)\n     __stoa(_TRet (*__convf) (const _CharT*, _CharT**, _Base...),\n     ^\n/usr/include/c++/5/ext/string_conversions.h:54:5: note:   template argument deduction/substitution failed:\nIn file included from /usr/include/c++/5/string:52:0,\n                 from /usr/include/c++/5/bits/locale_classes.h:40,\n                 from /usr/include/c++/5/bits/ios_base.h:41,\n                 from /usr/include/c++/5/ios:42,\n                 from /usr/include/c++/5/ostream:38,\n                 from /usr/include/c++/5/iostream:39,\n                 from main.cpp:3:\n/usr/include/c++/5/bits/basic_string.h:5285:72: note:   cannot convert ‘__idx’ (type ‘size_t* {aka long unsigned int*}’) to type ‘int*’\n   { return __gnu_cxx::__stoa(&std::strtof, \"stof\", __str.c_str(), __idx); }\n                                                                        ^\n/usr/include/c++/5/bits/basic_string.h: In function ‘double std::__cxx11::stod(const string&, size_t*)’:\n/usr/include/c++/5/bits/basic_string.h:5289:72: error: no matching function for call to ‘__stoa(double (*)(const char*, char**) throw (), const char [5], const char*, size_t*&)’\n   { return __gnu_cxx::__stoa(&std::strtod, \"stod\", __str.c_str(), __idx); }\n                                                                        ^\nIn file included from /usr/include/c++/5/bits/basic_string.h:5249:0,\n                 from /usr/include/c++/5/string:52,\n                 from /usr/include/c++/5/bits/locale_classes.h:40,\n                 from /usr/include/c++/5/bits/ios_base.h:41,\n                 from /usr/include/c++/5/ios:42,\n                 from /usr/include/c++/5/ostream:38,\n                 from /usr/include/c++/5/iostream:39,\n                 from main.cpp:3:\n/usr/include/c++/5/ext/string_conversions.h:54:5: note: candidate: template<class _TRet, class _Ret, class _CharT, class ... _Base> _Ret __gnu_cxx::__stoa(_TRet (*)(const _CharT*, _CharT**, _Base ...), const char*, const _CharT*, int*, _Base ...)\n     __stoa(_TRet (*__convf) (const _CharT*, _CharT**, _Base...),\n     ^\n/usr/include/c++/5/ext/string_conversions.h:54:5: note:   template argument deduction/substitution failed:\nIn file included from /usr/include/c++/5/string:52:0,\n                 from /usr/include/c++/5/bits/locale_classes.h:40,\n                 from /usr/include/c++/5/bits/ios_base.h:41,\n                 from /usr/include/c++/5/ios:42,\n                 from /usr/include/c++/5/ostream:38,\n                 from /usr/include/c++/5/iostream:39,\n                 from main.cpp:3:\n/usr/include/c++/5/bits/basic_string.h:5289:72: note:   cannot convert ‘__idx’ (type ‘size_t* {aka long unsigned int*}’) to type ‘int*’\n   { return __gnu_cxx::__stoa(&std::strtod, \"stod\", __str.c_str(), __idx); }\n                                                                        ^\n/usr/include/c++/5/bits/basic_string.h: In function ‘long double std::__cxx11::stold(const string&, size_t*)’:\n/usr/include/c++/5/bits/basic_string.h:5293:74: error: no matching function for call to ‘__stoa(long double (*)(const char*, char**) throw (), const char [6], const char*, size_t*&)’\n   { return __gnu_cxx::__stoa(&std::strtold, \"stold\", __str.c_str(), __idx); }\n                                                                          ^\nIn file included from /usr/include/c++/5/bits/basic_string.h:5249:0,\n                 from /usr/include/c++/5/string:52,\n                 from /usr/include/c++/5/bits/locale_classes.h:40,\n                 from /usr/include/c++/5/bits/ios_base.h:41,\n                 from /usr/include/c++/5/ios:42,\n                 from /usr/include/c++/5/ostream:38,\n                 from /usr/include/c++/5/iostream:39,\n                 from main.cpp:3:\n/usr/include/c++/5/ext/string_conversions.h:54:5: note: candidate: template<class _TRet, class _Ret, class _CharT, class ... _Base> _Ret __gnu_cxx::__stoa(_TRet (*)(const _CharT*, _CharT**, _Base ...), const char*, const _CharT*, int*, _Base ...)\n     __stoa(_TRet (*__convf) (const _CharT*, _CharT**, _Base...),\n     ^\n/usr/include/c++/5/ext/string_conversions.h:54:5: note:   template argument deduction/substitution failed:\nIn file included from /usr/include/c++/5/string:52:0,\n                 from /usr/include/c++/5/bits/locale_classes.h:40,\n                 from /usr/include/c++/5/bits/ios_base.h:41,\n                 from /usr/include/c++/5/ios:42,\n                 from /usr/include/c++/5/ostream:38,\n                 from /usr/include/c++/5/iostream:39,\n                 from main.cpp:3:\n/usr/include/c++/5/bits/basic_string.h:5293:74: note:   cannot convert ‘__idx’ (type ‘size_t* {aka long unsigned int*}’) to type ‘int*’\n   { return __gnu_cxx::__stoa(&std::strtold, \"stold\", __str.c_str(), __idx); }\n                                                                          ^\n/usr/include/c++/5/bits/basic_string.h: In function ‘std::__cxx11::string std::__cxx11::to_string(int)’:\n/usr/include/c++/5/bits/basic_string.h:5301:20: error: no matching function for call to ‘__to_xstring(int (*)(char*, size_t, const char*, __va_list_tag*) throw (), long unsigned int, const char [3], int&)’\n         \"%d\", __val); }\n                    ^\nIn file included from /usr/include/c++/5/bits/basic_string.h:5249:0,\n                 from /usr/include/c++/5/string:52,\n                 from /usr/include/c++/5/bits/locale_classes.h:40,\n                 from /usr/include/c++/5/bits/ios_base.h:41,\n                 from /usr/include/c++/5/ios:42,\n                 from /usr/include/c++/5/ostream:38,\n                 from /usr/include/c++/5/iostream:39,\n                 from main.cpp:3:\n/usr/include/c++/5/ext/string_conversions.h:83:5: note: candidate: template<class _String, class _CharT> _String __gnu_cxx::__to_xstring(int (*)(_CharT*, int, const _CharT*, __va_list_tag*), int, const _CharT*, ...)\n     __to_xstring(int (*__convf) (_CharT*, std::size_t, const _CharT*,\n     ^\n/usr/include/c++/5/ext/string_conversions.h:83:5: note:   template argument deduction/substitution failed:\nIn file included from /usr/include/c++/5/string:52:0,\n                 from /usr/include/c++/5/bits/locale_classes.h:40,\n                 from /usr/include/c++/5/bits/ios_base.h:41,\n                 from /usr/include/c++/5/ios:42,\n                 from /usr/include/c++/5/ostream:38,\n                 from /usr/include/c++/5/iostream:39,\n                 from main.cpp:3:\n/usr/include/c++/5/bits/basic_string.h:5301:20: note:   mismatched types ‘int’ and ‘size_t {aka long unsigned int}’\n         \"%d\", __val); }\n                    ^\n/usr/include/c++/5/bits/basic_string.h: In function ‘std::__cxx11::string std::__cxx11::to_string(unsigned int)’:\n/usr/include/c++/5/bits/basic_string.h:5307:20: error: no matching function for call to ‘__to_xstring(int (*)(char*, size_t, const char*, __va_list_tag*) throw (), long unsigned int, const char [3], unsigned int&)’\n         \"%u\", __val); }\n                    ^\nIn file included from /usr/include/c++/5/bits/basic_string.h:5249:0,\n                 from /usr/include/c++/5/string:52,\n                 from /usr/include/c++/5/bits/locale_classes.h:40,\n                 from /usr/include/c++/5/bits/ios_base.h:41,\n                 from /usr/include/c++/5/ios:42,\n                 from /usr/include/c++/5/ostream:38,\n                 from /usr/include/c++/5/iostream:39,\n                 from main.cpp:3:\n/usr/include/c++/5/ext/string_conversions.h:83:5: note: candidate: template<class _String, class _CharT> _String __gnu_cxx::__to_xstring(int (*)(_CharT*, int, const _CharT*, __va_list_tag*), int, const _CharT*, ...)\n     __to_xstring(int (*__convf) (_CharT*, std::size_t, const _CharT*,\n     ^\n/usr/include/c++/5/ext/string_conversions.h:83:5: note:   template argument deduction/substitution failed:\nIn file included from /usr/include/c++/5/string:52:0,\n                 from /usr/include/c++/5/bits/locale_classes.h:40,\n                 from /usr/include/c++/5/bits/ios_base.h:41,\n                 from /usr/include/c++/5/ios:42,\n                 from /usr/include/c++/5/ostream:38,\n                 from /usr/include/c++/5/iostream:39,\n                 from main.cpp:3:\n/usr/include/c++/5/bits/basic_string.h:5307:20: note:   mismatched types ‘int’ and ‘size_t {aka long unsigned int}’\n         \"%u\", __val); }\n                    ^\n/usr/include/c++/5/bits/basic_string.h: In function ‘std::__cxx11::string std::__cxx11::to_string(long int)’:\n/usr/include/c++/5/bits/basic_string.h:5312:21: error: no matching function for call to ‘__to_xstring(int (*)(char*, size_t, const char*, __va_list_tag*) throw (), long unsigned int, const char [4], long int&)’\n         \"%ld\", __val); }\n                     ^\nIn file included from /usr/include/c++/5/bits/basic_string.h:5249:0,\n                 from /usr/include/c++/5/string:52,\n                 from /usr/include/c++/5/bits/locale_classes.h:40,\n                 from /usr/include/c++/5/bits/ios_base.h:41,\n                 from /usr/include/c++/5/ios:42,\n                 from /usr/include/c++/5/ostream:38,\n                 from /usr/include/c++/5/iostream:39,\n                 from main.cpp:3:\n/usr/include/c++/5/ext/string_conversions.h:83:5: note: candidate: template<class _String, class _CharT> _String __gnu_cxx::__to_xstring(int (*)(_CharT*, int, const _CharT*, __va_list_tag*), int, const _CharT*, ...)\n     __to_xstring(int (*__convf) (_CharT*, std::size_t, const _CharT*,\n     ^\n/usr/include/c++/5/ext/string_conversions.h:83:5: note:   template argument deduction/substitution failed:\nIn file included from /usr/include/c++/5/string:52:0,\n                 from /usr/include/c++/5/bits/locale_classes.h:40,\n                 from /usr/include/c++/5/bits/ios_base.h:41,\n                 from /usr/include/c++/5/ios:42,\n                 from /usr/include/c++/5/ostream:38,\n                 from /usr/include/c++/5/iostream:39,\n                 from main.cpp:3:\n/usr/include/c++/5/bits/basic_string.h:5312:21: note:   mismatched types ‘int’ and ‘size_t {aka long unsigned int}’\n         \"%ld\", __val); }\n                     ^\n/usr/include/c++/5/bits/basic_string.h: In function ‘std::__cxx11::string std::__cxx11::to_string(long unsigned int)’:\n/usr/include/c++/5/bits/basic_string.h:5318:21: error: no matching function for call to ‘__to_xstring(int (*)(char*, size_t, const char*, __va_list_tag*) throw (), long unsigned int, const char [4], long unsigned int&)’\n         \"%lu\", __val); }\n                     ^\nIn file included from /usr/include/c++/5/bits/basic_string.h:5249:0,\n                 from /usr/include/c++/5/string:52,\n                 from /usr/include/c++/5/bits/locale_classes.h:40,\n                 from /usr/include/c++/5/bits/ios_base.h:41,\n                 from /usr/include/c++/5/ios:42,\n                 from /usr/include/c++/5/ostream:38,\n                 from /usr/include/c++/5/iostream:39,\n                 from main.cpp:3:\n/usr/include/c++/5/ext/string_conversions.h:83:5: note: candidate: template<class _String, class _CharT> _String __gnu_cxx::__to_xstring(int (*)(_CharT*, int, const _CharT*, __va_list_tag*), int, const _CharT*, ...)\n     __to_xstring(int (*__convf) (_CharT*, std::size_t, const _CharT*,\n     ^\n/usr/include/c++/5/ext/string_conversions.h:83:5: note:   template argument deduction/substitution failed:\nIn file included from /usr/include/c++/5/string:52:0,\n                 from /usr/include/c++/5/bits/locale_classes.h:40,\n                 from /usr/include/c++/5/bits/ios_base.h:41,\n                 from /usr/include/c++/5/ios:42,\n                 from /usr/include/c++/5/ostream:38,\n                 from /usr/include/c++/5/iostream:39,\n                 from main.cpp:3:\n/usr/include/c++/5/bits/basic_string.h:5318:21: note:   mismatched types ‘int’ and ‘size_t {aka long unsigned int}’\n         \"%lu\", __val); }\n                     ^\n/usr/include/c++/5/bits/basic_string.h: In function ‘std::__cxx11::string std::__cxx11::to_string(long long int)’:\n/usr/include/c++/5/bits/basic_string.h:5324:22: error: no matching function for call to ‘__to_xstring(int (*)(char*, size_t, const char*, __va_list_tag*) throw (), long unsigned int, const char [5], long long int&)’\n         \"%lld\", __val); }\n                      ^\nIn file included from /usr/include/c++/5/bits/basic_string.h:5249:0,\n                 from /usr/include/c++/5/string:52,\n                 from /usr/include/c++/5/bits/locale_classes.h:40,\n                 from /usr/include/c++/5/bits/ios_base.h:41,\n                 from /usr/include/c++/5/ios:42,\n                 from /usr/include/c++/5/ostream:38,\n                 from /usr/include/c++/5/iostream:39,\n                 from main.cpp:3:\n/usr/include/c++/5/ext/string_conversions.h:83:5: note: candidate: template<class _String, class _CharT> _String __gnu_cxx::__to_xstring(int (*)(_CharT*, int, const _CharT*, __va_list_tag*), int, const _CharT*, ...)\n     __to_xstring(int (*__convf) (_CharT*, std::size_t, const _CharT*,\n     ^\n/usr/include/c++/5/ext/string_conversions.h:83:5: note:   template argument deduction/substitution failed:\nIn file included from /usr/include/c++/5/string:52:0,\n                 from /usr/include/c++/5/bits/locale_classes.h:40,\n                 from /usr/include/c++/5/bits/ios_base.h:41,\n                 from /usr/include/c++/5/ios:42,\n                 from /usr/include/c++/5/ostream:38,\n                 from /usr/include/c++/5/iostream:39,\n                 from main.cpp:3:\n/usr/include/c++/5/bits/basic_string.h:5324:22: note:   mismatched types ‘int’ and ‘size_t {aka long unsigned int}’\n         \"%lld\", __val); }\n                      ^\n/usr/include/c++/5/bits/basic_string.h: In function ‘std::__cxx11::string std::__cxx11::to_string(long long unsigned int)’:\n/usr/include/c++/5/bits/basic_string.h:5330:22: error: no matching function for call to ‘__to_xstring(int (*)(char*, size_t, const char*, __va_list_tag*) throw (), long unsigned int, const char [5], long long unsigned int&)’\n         \"%llu\", __val); }\n                      ^\nIn file included from /usr/include/c++/5/bits/basic_string.h:5249:0,\n                 from /usr/include/c++/5/string:52,\n                 from /usr/include/c++/5/bits/locale_classes.h:40,\n                 from /usr/include/c++/5/bits/ios_base.h:41,\n                 from /usr/include/c++/5/ios:42,\n                 from /usr/include/c++/5/ostream:38,\n                 from /usr/include/c++/5/iostream:39,\n                 from main.cpp:3:\n/usr/include/c++/5/ext/string_conversions.h:83:5: note: candidate: template<class _String, class _CharT> _String __gnu_cxx::__to_xstring(int (*)(_CharT*, int, const _CharT*, __va_list_tag*), int, const _CharT*, ...)\n     __to_xstring(int (*__convf) (_CharT*, std::size_t, const _CharT*,\n     ^\n/usr/include/c++/5/ext/string_conversions.h:83:5: note:   template argument deduction/substitution failed:\nIn file included from /usr/include/c++/5/string:52:0,\n                 from /usr/include/c++/5/bits/locale_classes.h:40,\n                 from /usr/include/c++/5/bits/ios_base.h:41,\n                 from /usr/include/c++/5/ios:42,\n                 from /usr/include/c++/5/ostream:38,\n                 from /usr/include/c++/5/iostream:39,\n                 from main.cpp:3:\n/usr/include/c++/5/bits/basic_string.h:5330:22: note:   mismatched types ‘int’ and ‘size_t {aka long unsigned int}’\n         \"%llu\", __val); }\n                      ^\n/usr/include/c++/5/bits/basic_string.h: In function ‘std::__cxx11::string std::__cxx11::to_string(float)’:\n/usr/include/c++/5/bits/basic_string.h:5338:20: error: no matching function for call to ‘__to_xstring(int (*)(char*, size_t, const char*, __va_list_tag*) throw (), const int&, const char [3], float&)’\n         \"%f\", __val);\n                    ^\nIn file included from /usr/include/c++/5/bits/basic_string.h:5249:0,\n                 from /usr/include/c++/5/string:52,\n                 from /usr/include/c++/5/bits/locale_classes.h:40,\n                 from /usr/include/c++/5/bits/ios_base.h:41,\n                 from /usr/include/c++/5/ios:42,\n                 from /usr/include/c++/5/ostream:38,\n                 from /usr/include/c++/5/iostream:39,\n                 from main.cpp:3:\n/usr/include/c++/5/ext/string_conversions.h:83:5: note: candidate: template<class _String, class _CharT> _String __gnu_cxx::__to_xstring(int (*)(_CharT*, int, const _CharT*, __va_list_tag*), int, const _CharT*, ...)\n     __to_xstring(int (*__convf) (_CharT*, std::size_t, const _CharT*,\n     ^\n/usr/include/c++/5/ext/string_conversions.h:83:5: note:   template argument deduction/substitution failed:\nIn file included from /usr/include/c++/5/string:52:0,\n                 from /usr/include/c++/5/bits/locale_classes.h:40,\n                 from /usr/include/c++/5/bits/ios_base.h:41,\n                 from /usr/include/c++/5/ios:42,\n                 from /usr/include/c++/5/ostream:38,\n                 from /usr/include/c++/5/iostream:39,\n                 from main.cpp:3:\n/usr/include/c++/5/bits/basic_string.h:5338:20: note:   mismatched types ‘int’ and ‘size_t {aka long unsigned int}’\n         \"%f\", __val);\n                    ^\n/usr/include/c++/5/bits/basic_string.h: In function ‘std::__cxx11::string std::__cxx11::to_string(double)’:\n/usr/include/c++/5/bits/basic_string.h:5347:20: error: no matching function for call to ‘__to_xstring(int (*)(char*, size_t, const char*, __va_list_tag*) throw (), const int&, const char [3], double&)’\n         \"%f\", __val);\n                    ^\nIn file included from /usr/include/c++/5/bits/basic_string.h:5249:0,\n                 from /usr/include/c++/5/string:52,\n                 from /usr/include/c++/5/bits/locale_classes.h:40,\n                 from /usr/include/c++/5/bits/ios_base.h:41,\n                 from /usr/include/c++/5/ios:42,\n                 from /usr/include/c++/5/ostream:38,\n                 from /usr/include/c++/5/iostream:39,\n                 from main.cpp:3:\n/usr/include/c++/5/ext/string_conversions.h:83:5: note: candidate: template<class _String, class _CharT> _String __gnu_cxx::__to_xstring(int (*)(_CharT*, int, const _CharT*, __va_list_tag*), int, const _CharT*, ...)\n     __to_xstring(int (*__convf) (_CharT*, std::size_t, const _CharT*,\n     ^\n/usr/include/c++/5/ext/string_conversions.h:83:5: note:   template argument deduction/substitution failed:\nIn file included from /usr/include/c++/5/string:52:0,\n                 from /usr/include/c++/5/bits/locale_classes.h:40,\n                 from /usr/include/c++/5/bits/ios_base.h:41,\n                 from /usr/include/c++/5/ios:42,\n                 from /usr/include/c++/5/ostream:38,\n                 from /usr/include/c++/5/iostream:39,\n                 from main.cpp:3:\n/usr/include/c++/5/bits/basic_string.h:5347:20: note:   mismatched types ‘int’ and ‘size_t {aka long unsigned int}’\n         \"%f\", __val);\n                    ^\n/usr/include/c++/5/bits/basic_string.h: In function ‘std::__cxx11::string std::__cxx11::to_string(long double)’:\n/usr/include/c++/5/bits/basic_string.h:5356:21: error: no matching function for call to ‘__to_xstring(int (*)(char*, size_t, const char*, __va_list_tag*) throw (), const int&, const char [4], long double&)’\n         \"%Lf\", __val);\n                     ^\nIn file included from /usr/include/c++/5/bits/basic_string.h:5249:0,\n                 from /usr/include/c++/5/string:52,\n                 from /usr/include/c++/5/bits/locale_classes.h:40,\n                 from /usr/include/c++/5/bits/ios_base.h:41,\n                 from /usr/include/c++/5/ios:42,\n                 from /usr/include/c++/5/ostream:38,\n                 from /usr/include/c++/5/iostream:39,\n                 from main.cpp:3:\n/usr/include/c++/5/ext/string_conversions.h:83:5: note: candidate: template<class _String, class _CharT> _String __gnu_cxx::__to_xstring(int (*)(_CharT*, int, const _CharT*, __va_list_tag*), int, const _CharT*, ...)\n     __to_xstring(int (*__convf) (_CharT*, std::size_t, const _CharT*,\n     ^\n/usr/include/c++/5/ext/string_conversions.h:83:5: note:   template argument deduction/substitution failed:\nIn file included from /usr/include/c++/5/string:52:0,\n                 from /usr/include/c++/5/bits/locale_classes.h:40,\n                 from /usr/include/c++/5/bits/ios_base.h:41,\n                 from /usr/include/c++/5/ios:42,\n                 from /usr/include/c++/5/ostream:38,\n                 from /usr/include/c++/5/iostream:39,\n                 from main.cpp:3:\n/usr/include/c++/5/bits/basic_string.h:5356:21: note:   mismatched types ‘int’ and ‘size_t {aka long unsigned int}’\n         \"%Lf\", __val);\n                     ^\nIn file included from /usr/include/c++/5/bits/basic_string.h:40:0,\n                 from /usr/include/c++/5/string:52,\n                 from /usr/include/c++/5/bits/locale_classes.h:40,\n                 from /usr/include/c++/5/bits/ios_base.h:41,\n                 from /usr/include/c++/5/ios:42,\n                 from /usr/include/c++/5/ostream:38,\n                 from /usr/include/c++/5/iostream:39,\n                 from main.cpp:3:\n/usr/include/c++/5/ext/alloc_traits.h: In instantiation of ‘struct __gnu_cxx::__alloc_traits<std::allocator<wchar_t> >’:\n/usr/include/c++/5/bits/basic_string.h:74:24:   required from ‘class std::__cxx11::basic_string<wchar_t>’\n/usr/include/c++/5/bits/basic_string.h:5362:68:   required from here\n/usr/include/c++/5/ext/alloc_traits.h:106:53: error: no type named ‘size_type’ in ‘struct std::allocator_traits<std::allocator<wchar_t> >’\n     typedef typename _Base_type::size_type          size_type;\n                                                     ^\n/usr/include/c++/5/ext/alloc_traits.h:107:53: error: no type named ‘difference_type’ in ‘struct std::allocator_traits<std::allocator<wchar_t> >’\n     typedef typename _Base_type::difference_type    difference_type;\n                                                     ^\n/usr/include/c++/5/ext/alloc_traits.h:115:23: error: no members matching ‘__gnu_cxx::__alloc_traits<std::allocator<wchar_t> >::_Base_type {aka std::allocator_traits<std::allocator<wchar_t> >}::max_size’ in ‘__gnu_cxx::__alloc_traits<std::allocator<wchar_t> >::_Base_type {aka struct std::allocator_traits<std::allocator<wchar_t> >}’\n     using _Base_type::max_size;\n                       ^\nIn file included from /usr/include/c++/5/string:52:0,\n                 from /usr/include/c++/5/bits/locale_classes.h:40,\n                 from /usr/include/c++/5/bits/ios_base.h:41,\n                 from /usr/include/c++/5/ios:42,\n                 from /usr/include/c++/5/ostream:38,\n                 from /usr/include/c++/5/iostream:39,\n                 from main.cpp:3:\n/usr/include/c++/5/bits/basic_string.h: In function ‘int std::__cxx11::stoi(const wstring&, size_t*, int)’:\n/usr/include/c++/5/bits/basic_string.h:5363:19: error: no matching function for call to ‘__stoa(long int (*)(const wchar_t*, wchar_t**, int) throw (), const char [5], const wchar_t*, size_t*&, int&)’\n      __idx, __base); }\n                   ^\nIn file included from /usr/include/c++/5/bits/basic_string.h:5249:0,\n                 from /usr/include/c++/5/string:52,\n                 from /usr/include/c++/5/bits/locale_classes.h:40,\n                 from /usr/include/c++/5/bits/ios_base.h:41,\n                 from /usr/include/c++/5/ios:42,\n                 from /usr/include/c++/5/ostream:38,\n                 from /usr/include/c++/5/iostream:39,\n                 from main.cpp:3:\n/usr/include/c++/5/ext/string_conversions.h:54:5: note: candidate: template<class _TRet, class _Ret, class _CharT, class ... _Base> _Ret __gnu_cxx::__stoa(_TRet (*)(const _CharT*, _CharT**, _Base ...), const char*, const _CharT*, int*, _Base ...)\n     __stoa(_TRet (*__convf) (const _CharT*, _CharT**, _Base...),\n     ^\n/usr/include/c++/5/ext/string_conversions.h:54:5: note:   template argument deduction/substitution failed:\nIn file included from /usr/include/c++/5/string:52:0,\n                 from /usr/include/c++/5/bits/locale_classes.h:40,\n                 from /usr/include/c++/5/bits/ios_base.h:41,\n                 from /usr/include/c++/5/ios:42,\n                 from /usr/include/c++/5/ostream:38,\n                 from /usr/include/c++/5/iostream:39,\n                 from main.cpp:3:\n/usr/include/c++/5/bits/basic_string.h:5363:19: note:   cannot convert ‘__idx’ (type ‘size_t* {aka long unsigned int*}’) to type ‘int*’\n      __idx, __base); }\n                   ^\n/usr/include/c++/5/bits/basic_string.h: In function ‘long int std::__cxx11::stol(const wstring&, size_t*, int)’:\n/usr/include/c++/5/bits/basic_string.h:5368:22: error: no matching function for call to ‘__stoa(long int (*)(const wchar_t*, wchar_t**, int) throw (), const char [5], const wchar_t*, size_t*&, int&)’\n         __idx, __base); }\n                      ^\nIn file included from /usr/include/c++/5/bits/basic_string.h:5249:0,\n                 from /usr/include/c++/5/string:52,\n                 from /usr/include/c++/5/bits/locale_classes.h:40,\n                 from /usr/include/c++/5/bits/ios_base.h:41,\n                 from /usr/include/c++/5/ios:42,\n                 from /usr/include/c++/5/ostream:38,\n                 from /usr/include/c++/5/iostream:39,\n                 from main.cpp:3:\n/usr/include/c++/5/ext/string_conversions.h:54:5: note: candidate: template<class _TRet, class _Ret, class _CharT, class ... _Base> _Ret __gnu_cxx::__stoa(_TRet (*)(const _CharT*, _CharT**, _Base ...), const char*, const _CharT*, int*, _Base ...)\n     __stoa(_TRet (*__convf) (const _CharT*, _CharT**, _Base...),\n     ^\n/usr/include/c++/5/ext/string_conversions.h:54:5: note:   template argument deduction/substitution failed:\nIn file included from /usr/include/c++/5/string:52:0,\n                 from /usr/include/c++/5/bits/locale_classes.h:40,\n                 from /usr/include/c++/5/bits/ios_base.h:41,\n                 from /usr/include/c++/5/ios:42,\n                 from /usr/include/c++/5/ostream:38,\n                 from /usr/include/c++/5/iostream:39,\n                 from main.cpp:3:\n/usr/include/c++/5/bits/basic_string.h:5368:22: note:   cannot convert ‘__idx’ (type ‘size_t* {aka long unsigned int*}’) to type ‘int*’\n         __idx, __base); }\n                      ^\n/usr/include/c++/5/bits/basic_string.h: In function ‘long unsigned int std::__cxx11::stoul(const wstring&, size_t*, int)’:\n/usr/include/c++/5/bits/basic_string.h:5373:22: error: no matching function for call to ‘__stoa(long unsigned int (*)(const wchar_t*, wchar_t**, int) throw (), const char [6], const wchar_t*, size_t*&, int&)’\n         __idx, __base); }\n                      ^\nIn file included from /usr/include/c++/5/bits/basic_string.h:5249:0,\n                 from /usr/include/c++/5/string:52,\n                 from /usr/include/c++/5/bits/locale_classes.h:40,\n                 from /usr/include/c++/5/bits/ios_base.h:41,\n                 from /usr/include/c++/5/ios:42,\n                 from /usr/include/c++/5/ostream:38,\n                 from /usr/include/c++/5/iostream:39,\n                 from main.cpp:3:\n/usr/include/c++/5/ext/string_conversions.h:54:5: note: candidate: template<class _TRet, class _Ret, class _CharT, class ... _Base> _Ret __gnu_cxx::__stoa(_TRet (*)(const _CharT*, _CharT**, _Base ...), const char*, const _CharT*, int*, _Base ...)\n     __stoa(_TRet (*__convf) (const _CharT*, _CharT**, _Base...),\n     ^\n/usr/include/c++/5/ext/string_conversions.h:54:5: note:   template argument deduction/substitution failed:\nIn file included from /usr/include/c++/5/string:52:0,\n                 from /usr/include/c++/5/bits/locale_classes.h:40,\n                 from /usr/include/c++/5/bits/ios_base.h:41,\n                 from /usr/include/c++/5/ios:42,\n                 from /usr/include/c++/5/ostream:38,\n                 from /usr/include/c++/5/iostream:39,\n                 from main.cpp:3:\n/usr/include/c++/5/bits/basic_string.h:5373:22: note:   cannot convert ‘__idx’ (type ‘size_t* {aka long unsigned int*}’) to type ‘int*’\n         __idx, __base); }\n                      ^\n/usr/include/c++/5/bits/basic_string.h: In function ‘long long int std::__cxx11::stoll(const wstring&, size_t*, int)’:\n/usr/include/c++/5/bits/basic_string.h:5378:22: error: no matching function for call to ‘__stoa(long long int (*)(const wchar_t*, wchar_t**, int) throw (), const char [6], const wchar_t*, size_t*&, int&)’\n         __idx, __base); }\n                      ^\nIn file included from /usr/include/c++/5/bits/basic_string.h:5249:0,\n                 from /usr/include/c++/5/string:52,\n                 from /usr/include/c++/5/bits/locale_classes.h:40,\n                 from /usr/include/c++/5/bits/ios_base.h:41,\n                 from /usr/include/c++/5/ios:42,\n                 from /usr/include/c++/5/ostream:38,\n                 from /usr/include/c++/5/iostream:39,\n                 from main.cpp:3:\n/usr/include/c++/5/ext/string_conversions.h:54:5: note: candidate: template<class _TRet, class _Ret, class _CharT, class ... _Base> _Ret __gnu_cxx::__stoa(_TRet (*)(const _CharT*, _CharT**, _Base ...), const char*, const _CharT*, int*, _Base ...)\n     __stoa(_TRet (*__convf) (const _CharT*, _CharT**, _Base...),\n     ^\n/usr/include/c++/5/ext/string_conversions.h:54:5: note:   template argument deduction/substitution failed:\nIn file included from /usr/include/c++/5/string:52:0,\n                 from /usr/include/c++/5/bits/locale_classes.h:40,\n                 from /usr/include/c++/5/bits/ios_base.h:41,\n                 from /usr/include/c++/5/ios:42,\n                 from /usr/include/c++/5/ostream:38,\n                 from /usr/include/c++/5/iostream:39,\n                 from main.cpp:3:\n/usr/include/c++/5/bits/basic_string.h:5378:22: note:   cannot convert ‘__idx’ (type ‘size_t* {aka long unsigned int*}’) to type ‘int*’\n         __idx, __base); }\n                      ^\n/usr/include/c++/5/bits/basic_string.h: In function ‘long long unsigned int std::__cxx11::stoull(const wstring&, size_t*, int)’:\n/usr/include/c++/5/bits/basic_string.h:5383:22: error: no matching function for call to ‘__stoa(long long unsigned int (*)(const wchar_t*, wchar_t**, int) throw (), const char [7], const wchar_t*, size_t*&, int&)’\n         __idx, __base); }\n                      ^\nIn file included from /usr/include/c++/5/bits/basic_string.h:5249:0,\n                 from /usr/include/c++/5/string:52,\n                 from /usr/include/c++/5/bits/locale_classes.h:40,\n                 from /usr/include/c++/5/bits/ios_base.h:41,\n                 from /usr/include/c++/5/ios:42,\n                 from /usr/include/c++/5/ostream:38,\n                 from /usr/include/c++/5/iostream:39,\n                 from main.cpp:3:\n/usr/include/c++/5/ext/string_conversions.h:54:5: note: candidate: template<class _TRet, class _Ret, class _CharT, class ... _Base> _Ret __gnu_cxx::__stoa(_TRet (*)(const _CharT*, _CharT**, _Base ...), const char*, const _CharT*, int*, _Base ...)\n     __stoa(_TRet (*__convf) (const _CharT*, _CharT**, _Base...),\n     ^\n/usr/include/c++/5/ext/string_conversions.h:54:5: note:   template argument deduction/substitution failed:\nIn file included from /usr/include/c++/5/string:52:0,\n                 from /usr/include/c++/5/bits/locale_classes.h:40,\n                 from /usr/include/c++/5/bits/ios_base.h:41,\n                 from /usr/include/c++/5/ios:42,\n                 from /usr/include/c++/5/ostream:38,\n                 from /usr/include/c++/5/iostream:39,\n                 from main.cpp:3:\n/usr/include/c++/5/bits/basic_string.h:5383:22: note:   cannot convert ‘__idx’ (type ‘size_t* {aka long unsigned int*}’) to type ‘int*’\n         __idx, __base); }\n                      ^\n/usr/include/c++/5/bits/basic_string.h: In function ‘float std::__cxx11::stof(const wstring&, size_t*)’:\n/usr/include/c++/5/bits/basic_string.h:5388:72: error: no matching function for call to ‘__stoa(float (*)(const wchar_t*, wchar_t**) throw (), const char [5], const wchar_t*, size_t*&)’\n   { return __gnu_cxx::__stoa(&std::wcstof, \"stof\", __str.c_str(), __idx); }\n                                                                        ^\nIn file included from /usr/include/c++/5/bits/basic_string.h:5249:0,\n                 from /usr/include/c++/5/string:52,\n                 from /usr/include/c++/5/bits/locale_classes.h:40,\n                 from /usr/include/c++/5/bits/ios_base.h:41,\n                 from /usr/include/c++/5/ios:42,\n                 from /usr/include/c++/5/ostream:38,\n                 from /usr/include/c++/5/iostream:39,\n                 from main.cpp:3:\n/usr/include/c++/5/ext/string_conversions.h:54:5: note: candidate: template<class _TRet, class _Ret, class _CharT, class ... _Base> _Ret __gnu_cxx::__stoa(_TRet (*)(const _CharT*, _CharT**, _Base ...), const char*, const _CharT*, int*, _Base ...)\n     __stoa(_TRet (*__convf) (const _CharT*, _CharT**, _Base...),\n     ^\n/usr/include/c++/5/ext/string_conversions.h:54:5: note:   template argument deduction/substitution failed:\nIn file included from /usr/include/c++/5/string:52:0,\n                 from /usr/include/c++/5/bits/locale_classes.h:40,\n                 from /usr/include/c++/5/bits/ios_base.h:41,\n                 from /usr/include/c++/5/ios:42,\n                 from /usr/include/c++/5/ostream:38,\n                 from /usr/include/c++/5/iostream:39,\n                 from main.cpp:3:\n/usr/include/c++/5/bits/basic_string.h:5388:72: note:   cannot convert ‘__idx’ (type ‘size_t* {aka long unsigned int*}’) to type ‘int*’\n   { return __gnu_cxx::__stoa(&std::wcstof, \"stof\", __str.c_str(), __idx); }\n                                                                        ^\n/usr/include/c++/5/bits/basic_string.h: In function ‘double std::__cxx11::stod(const wstring&, size_t*)’:\n/usr/include/c++/5/bits/basic_string.h:5392:72: error: no matching function for call to ‘__stoa(double (*)(const wchar_t*, wchar_t**) throw (), const char [5], const wchar_t*, size_t*&)’\n   { return __gnu_cxx::__stoa(&std::wcstod, \"stod\", __str.c_str(), __idx); }\n                                                                        ^\nIn file included from /usr/include/c++/5/bits/basic_string.h:5249:0,\n                 from /usr/include/c++/5/string:52,\n                 from /usr/include/c++/5/bits/locale_classes.h:40,\n                 from /usr/include/c++/5/bits/ios_base.h:41,\n                 from /usr/include/c++/5/ios:42,\n                 from /usr/include/c++/5/ostream:38,\n                 from /usr/include/c++/5/iostream:39,\n                 from main.cpp:3:\n/usr/include/c++/5/ext/string_conversions.h:54:5: note: candidate: template<class _TRet, class _Ret, class _CharT, class ... _Base> _Ret __gnu_cxx::__stoa(_TRet (*)(const _CharT*, _CharT**, _Base ...), const char*, const _CharT*, int*, _Base ...)\n     __stoa(_TRet (*__convf) (const _CharT*, _CharT**, _Base...),\n     ^\n/usr/include/c++/5/ext/string_conversions.h:54:5: note:   template argument deduction/substitution failed:\nIn file included from /usr/include/c++/5/string:52:0,\n                 from /usr/include/c++/5/bits/locale_classes.h:40,\n                 from /usr/include/c++/5/bits/ios_base.h:41,\n                 from /usr/include/c++/5/ios:42,\n                 from /usr/include/c++/5/ostream:38,\n                 from /usr/include/c++/5/iostream:39,\n                 from main.cpp:3:\n/usr/include/c++/5/bits/basic_string.h:5392:72: note:   cannot convert ‘__idx’ (type ‘size_t* {aka long unsigned int*}’) to type ‘int*’\n   { return __gnu_cxx::__stoa(&std::wcstod, \"stod\", __str.c_str(), __idx); }\n                                                                        ^\n/usr/include/c++/5/bits/basic_string.h: In function ‘long double std::__cxx11::stold(const wstring&, size_t*)’:\n/usr/include/c++/5/bits/basic_string.h:5396:74: error: no matching function for call to ‘__stoa(long double (*)(const wchar_t*, wchar_t**) throw (), const char [6], const wchar_t*, size_t*&)’\n   { return __gnu_cxx::__stoa(&std::wcstold, \"stold\", __str.c_str(), __idx); }\n                                                                          ^\nIn file included from /usr/include/c++/5/bits/basic_string.h:5249:0,\n                 from /usr/include/c++/5/string:52,\n                 from /usr/include/c++/5/bits/locale_classes.h:40,\n                 from /usr/include/c++/5/bits/ios_base.h:41,\n                 from /usr/include/c++/5/ios:42,\n                 from /usr/include/c++/5/ostream:38,\n                 from /usr/include/c++/5/iostream:39,\n                 from main.cpp:3:\n/usr/include/c++/5/ext/string_conversions.h:54:5: note: candidate: template<class _TRet, class _Ret, class _CharT, class ... _Base> _Ret __gnu_cxx::__stoa(_TRet (*)(const _CharT*, _CharT**, _Base ...), const char*, const _CharT*, int*, _Base ...)\n     __stoa(_TRet (*__convf) (const _CharT*, _CharT**, _Base...),\n     ^\n/usr/include/c++/5/ext/string_conversions.h:54:5: note:   template argument deduction/substitution failed:\nIn file included from /usr/include/c++/5/string:52:0,\n                 from /usr/include/c++/5/bits/locale_classes.h:40,\n                 from /usr/include/c++/5/bits/ios_base.h:41,\n                 from /usr/include/c++/5/ios:42,\n                 from /usr/include/c++/5/ostream:38,\n                 from /usr/include/c++/5/iostream:39,\n                 from main.cpp:3:\n/usr/include/c++/5/bits/basic_string.h:5396:74: note:   cannot convert ‘__idx’ (type ‘size_t* {aka long unsigned int*}’) to type ‘int*’\n   { return __gnu_cxx::__stoa(&std::wcstold, \"stold\", __str.c_str(), __idx); }\n                                                                          ^\n/usr/include/c++/5/bits/basic_string.h: In function ‘std::__cxx11::wstring std::__cxx11::to_wstring(int)’:\n/usr/include/c++/5/bits/basic_string.h:5403:22: error: no matching function for call to ‘__to_xstring(int (*)(wchar_t*, size_t, const wchar_t*, __va_list_tag*) throw (), long unsigned int, const wchar_t [3], int&)’\n          L\"%d\", __val); }\n                      ^\nIn file included from /usr/include/c++/5/bits/basic_string.h:5249:0,\n                 from /usr/include/c++/5/string:52,\n                 from /usr/include/c++/5/bits/locale_classes.h:40,\n                 from /usr/include/c++/5/bits/ios_base.h:41,\n                 from /usr/include/c++/5/ios:42,\n                 from /usr/include/c++/5/ostream:38,\n                 from /usr/include/c++/5/iostream:39,\n                 from main.cpp:3:\n/usr/include/c++/5/ext/string_conversions.h:83:5: note: candidate: template<class _String, class _CharT> _String __gnu_cxx::__to_xstring(int (*)(_CharT*, int, const _CharT*, __va_list_tag*), int, const _CharT*, ...)\n     __to_xstring(int (*__convf) (_CharT*, std::size_t, const _CharT*,\n     ^\n/usr/include/c++/5/ext/string_conversions.h:83:5: note:   template argument deduction/substitution failed:\nIn file included from /usr/include/c++/5/string:52:0,\n                 from /usr/include/c++/5/bits/locale_classes.h:40,\n                 from /usr/include/c++/5/bits/ios_base.h:41,\n                 from /usr/include/c++/5/ios:42,\n                 from /usr/include/c++/5/ostream:38,\n                 from /usr/include/c++/5/iostream:39,\n                 from main.cpp:3:\n/usr/include/c++/5/bits/basic_string.h:5403:22: note:   mismatched types ‘int’ and ‘size_t {aka long unsigned int}’\n          L\"%d\", __val); }\n                      ^\n/usr/include/c++/5/bits/basic_string.h: In function ‘std::__cxx11::wstring std::__cxx11::to_wstring(unsigned int)’:\n/usr/include/c++/5/bits/basic_string.h:5409:22: error: no matching function for call to ‘__to_xstring(int (*)(wchar_t*, size_t, const wchar_t*, __va_list_tag*) throw (), long unsigned int, const wchar_t [3], unsigned int&)’\n          L\"%u\", __val); }\n                      ^\nIn file included from /usr/include/c++/5/bits/basic_string.h:5249:0,\n                 from /usr/include/c++/5/string:52,\n                 from /usr/include/c++/5/bits/locale_classes.h:40,\n                 from /usr/include/c++/5/bits/ios_base.h:41,\n                 from /usr/include/c++/5/ios:42,\n                 from /usr/include/c++/5/ostream:38,\n                 from /usr/include/c++/5/iostream:39,\n                 from main.cpp:3:\n/usr/include/c++/5/ext/string_conversions.h:83:5: note: candidate: template<class _String, class _CharT> _String __gnu_cxx::__to_xstring(int (*)(_CharT*, int, const _CharT*, __va_list_tag*), int, const _CharT*, ...)\n     __to_xstring(int (*__convf) (_CharT*, std::size_t, const _CharT*,\n     ^\n/usr/include/c++/5/ext/string_conversions.h:83:5: note:   template argument deduction/substitution failed:\nIn file included from /usr/include/c++/5/string:52:0,\n                 from /usr/include/c++/5/bits/locale_classes.h:40,\n                 from /usr/include/c++/5/bits/ios_base.h:41,\n                 from /usr/include/c++/5/ios:42,\n                 from /usr/include/c++/5/ostream:38,\n                 from /usr/include/c++/5/iostream:39,\n                 from main.cpp:3:\n/usr/include/c++/5/bits/basic_string.h:5409:22: note:   mismatched types ‘int’ and ‘size_t {aka long unsigned int}’\n          L\"%u\", __val); }\n                      ^\n/usr/include/c++/5/bits/basic_string.h: In function ‘std::__cxx11::wstring std::__cxx11::to_wstring(long int)’:\n/usr/include/c++/5/bits/basic_string.h:5414:23: error: no matching function for call to ‘__to_xstring(int (*)(wchar_t*, size_t, const wchar_t*, __va_list_tag*) throw (), long unsigned int, const wchar_t [4], long int&)’\n          L\"%ld\", __val); }\n                       ^\nIn file included from /usr/include/c++/5/bits/basic_string.h:5249:0,\n                 from /usr/include/c++/5/string:52,\n                 from /usr/include/c++/5/bits/locale_classes.h:40,\n                 from /usr/include/c++/5/bits/ios_base.h:41,\n                 from /usr/include/c++/5/ios:42,\n                 from /usr/include/c++/5/ostream:38,\n                 from /usr/include/c++/5/iostream:39,\n                 from main.cpp:3:\n/usr/include/c++/5/ext/string_conversions.h:83:5: note: candidate: template<class _String, class _CharT> _String __gnu_cxx::__to_xstring(int (*)(_CharT*, int, const _CharT*, __va_list_tag*), int, const _CharT*, ...)\n     __to_xstring(int (*__convf) (_CharT*, std::size_t, const _CharT*,\n     ^\n/usr/include/c++/5/ext/string_conversions.h:83:5: note:   template argument deduction/substitution failed:\nIn file included from /usr/include/c++/5/string:52:0,\n                 from /usr/include/c++/5/bits/locale_classes.h:40,\n                 from /usr/include/c++/5/bits/ios_base.h:41,\n                 from /usr/include/c++/5/ios:42,\n                 from /usr/include/c++/5/ostream:38,\n                 from /usr/include/c++/5/iostream:39,\n                 from main.cpp:3:\n/usr/include/c++/5/bits/basic_string.h:5414:23: note:   mismatched types ‘int’ and ‘size_t {aka long unsigned int}’\n          L\"%ld\", __val); }\n                       ^\n/usr/include/c++/5/bits/basic_string.h: In function ‘std::__cxx11::wstring std::__cxx11::to_wstring(long unsigned int)’:\n/usr/include/c++/5/bits/basic_string.h:5420:23: error: no matching function for call to ‘__to_xstring(int (*)(wchar_t*, size_t, const wchar_t*, __va_list_tag*) throw (), long unsigned int, const wchar_t [4], long unsigned int&)’\n          L\"%lu\", __val); }\n                       ^\nIn file included from /usr/include/c++/5/bits/basic_string.h:5249:0,\n                 from /usr/include/c++/5/string:52,\n                 from /usr/include/c++/5/bits/locale_classes.h:40,\n                 from /usr/include/c++/5/bits/ios_base.h:41,\n                 from /usr/include/c++/5/ios:42,\n                 from /usr/include/c++/5/ostream:38,\n                 from /usr/include/c++/5/iostream:39,\n                 from main.cpp:3:\n/usr/include/c++/5/ext/string_conversions.h:83:5: note: candidate: template<class _String, class _CharT> _String __gnu_cxx::__to_xstring(int (*)(_CharT*, int, const _CharT*, __va_list_tag*), int, const _CharT*, ...)\n     __to_xstring(int (*__convf) (_CharT*, std::size_t, const _CharT*,\n     ^\n/usr/include/c++/5/ext/string_conversions.h:83:5: note:   template argument deduction/substitution failed:\nIn file included from /usr/include/c++/5/string:52:0,\n                 from /usr/include/c++/5/bits/locale_classes.h:40,\n                 from /usr/include/c++/5/bits/ios_base.h:41,\n                 from /usr/include/c++/5/ios:42,\n                 from /usr/include/c++/5/ostream:38,\n                 from /usr/include/c++/5/iostream:39,\n                 from main.cpp:3:\n/usr/include/c++/5/bits/basic_string.h:5420:23: note:   mismatched types ‘int’ and ‘size_t {aka long unsigned int}’\n          L\"%lu\", __val); }\n                       ^\n/usr/include/c++/5/bits/basic_string.h: In function ‘std::__cxx11::wstring std::__cxx11::to_wstring(long long int)’:\n/usr/include/c++/5/bits/basic_string.h:5426:24: error: no matching function for call to ‘__to_xstring(int (*)(wchar_t*, size_t, const wchar_t*, __va_list_tag*) throw (), long unsigned int, const wchar_t [5], long long int&)’\n          L\"%lld\", __val); }\n                        ^\nIn file included from /usr/include/c++/5/bits/basic_string.h:5249:0,\n                 from /usr/include/c++/5/string:52,\n                 from /usr/include/c++/5/bits/locale_classes.h:40,\n                 from /usr/include/c++/5/bits/ios_base.h:41,\n                 from /usr/include/c++/5/ios:42,\n                 from /usr/include/c++/5/ostream:38,\n                 from /usr/include/c++/5/iostream:39,\n                 from main.cpp:3:\n/usr/include/c++/5/ext/string_conversions.h:83:5: note: candidate: template<class _String, class _CharT> _String __gnu_cxx::__to_xstring(int (*)(_CharT*, int, const _CharT*, __va_list_tag*), int, const _CharT*, ...)\n     __to_xstring(int (*__convf) (_CharT*, std::size_t, const _CharT*,\n     ^\n/usr/include/c++/5/ext/string_conversions.h:83:5: note:   template argument deduction/substitution failed:\nIn file included from /usr/include/c++/5/string:52:0,\n                 from /usr/include/c++/5/bits/locale_classes.h:40,\n                 from /usr/include/c++/5/bits/ios_base.h:41,\n                 from /usr/include/c++/5/ios:42,\n                 from /usr/include/c++/5/ostream:38,\n                 from /usr/include/c++/5/iostream:39,\n                 from main.cpp:3:\n/usr/include/c++/5/bits/basic_string.h:5426:24: note:   mismatched types ‘int’ and ‘size_t {aka long unsigned int}’\n          L\"%lld\", __val); }\n                        ^\n/usr/include/c++/5/bits/basic_string.h: In function ‘std::__cxx11::wstring std::__cxx11::to_wstring(long long unsigned int)’:\n/usr/include/c++/5/bits/basic_string.h:5432:24: error: no matching function for call to ‘__to_xstring(int (*)(wchar_t*, size_t, const wchar_t*, __va_list_tag*) throw (), long unsigned int, const wchar_t [5], long long unsigned int&)’\n          L\"%llu\", __val); }\n                        ^\nIn file included from /usr/include/c++/5/bits/basic_string.h:5249:0,\n                 from /usr/include/c++/5/string:52,\n                 from /usr/include/c++/5/bits/locale_classes.h:40,\n                 from /usr/include/c++/5/bits/ios_base.h:41,\n                 from /usr/include/c++/5/ios:42,\n                 from /usr/include/c++/5/ostream:38,\n                 from /usr/include/c++/5/iostream:39,\n                 from main.cpp:3:\n/usr/include/c++/5/ext/string_conversions.h:83:5: note: candidate: template<class _String, class _CharT> _String __gnu_cxx::__to_xstring(int (*)(_CharT*, int, const _CharT*, __va_list_tag*), int, const _CharT*, ...)\n     __to_xstring(int (*__convf) (_CharT*, std::size_t, const _CharT*,\n     ^\n/usr/include/c++/5/ext/string_conversions.h:83:5: note:   template argument deduction/substitution failed:\nIn file included from /usr/include/c++/5/string:52:0,\n                 from /usr/include/c++/5/bits/locale_classes.h:40,\n                 from /usr/include/c++/5/bits/ios_base.h:41,\n                 from /usr/include/c++/5/ios:42,\n                 from /usr/include/c++/5/ostream:38,\n                 from /usr/include/c++/5/iostream:39,\n                 from main.cpp:3:\n/usr/include/c++/5/bits/basic_string.h:5432:24: note:   mismatched types ‘int’ and ‘size_t {aka long unsigned int}’\n          L\"%llu\", __val); }\n                        ^\n/usr/include/c++/5/bits/basic_string.h: In function ‘std::__cxx11::wstring std::__cxx11::to_wstring(float)’:\n/usr/include/c++/5/bits/basic_string.h:5440:22: error: no matching function for call to ‘__to_xstring(int (*)(wchar_t*, size_t, const wchar_t*, __va_list_tag*) throw (), const int&, const wchar_t [3], float&)’\n          L\"%f\", __val);\n                      ^\nIn file included from /usr/include/c++/5/bits/basic_string.h:5249:0,\n                 from /usr/include/c++/5/string:52,\n                 from /usr/include/c++/5/bits/locale_classes.h:40,\n                 from /usr/include/c++/5/bits/ios_base.h:41,\n                 from /usr/include/c++/5/ios:42,\n                 from /usr/include/c++/5/ostream:38,\n                 from /usr/include/c++/5/iostream:39,\n                 from main.cpp:3:\n/usr/include/c++/5/ext/string_conversions.h:83:5: note: candidate: template<class _String, class _CharT> _String __gnu_cxx::__to_xstring(int (*)(_CharT*, int, const _CharT*, __va_list_tag*), int, const _CharT*, ...)\n     __to_xstring(int (*__convf) (_CharT*, std::size_t, const _CharT*,\n     ^\n/usr/include/c++/5/ext/string_conversions.h:83:5: note:   template argument deduction/substitution failed:\nIn file included from /usr/include/c++/5/string:52:0,\n                 from /usr/include/c++/5/bits/locale_classes.h:40,\n                 from /usr/include/c++/5/bits/ios_base.h:41,\n                 from /usr/include/c++/5/ios:42,\n                 from /usr/include/c++/5/ostream:38,\n                 from /usr/include/c++/5/iostream:39,\n                 from main.cpp:3:\n/usr/include/c++/5/bits/basic_string.h:5440:22: note:   mismatched types ‘int’ and ‘size_t {aka long unsigned int}’\n          L\"%f\", __val);\n                      ^\n/usr/include/c++/5/bits/basic_string.h: In function ‘std::__cxx11::wstring std::__cxx11::to_wstring(double)’:\n/usr/include/c++/5/bits/basic_string.h:5449:22: error: no matching function for call to ‘__to_xstring(int (*)(wchar_t*, size_t, const wchar_t*, __va_list_tag*) throw (), const int&, const wchar_t [3], double&)’\n          L\"%f\", __val);\n                      ^\nIn file included from /usr/include/c++/5/bits/basic_string.h:5249:0,\n                 from /usr/include/c++/5/string:52,\n                 from /usr/include/c++/5/bits/locale_classes.h:40,\n                 from /usr/include/c++/5/bits/ios_base.h:41,\n                 from /usr/include/c++/5/ios:42,\n                 from /usr/include/c++/5/ostream:38,\n                 from /usr/include/c++/5/iostream:39,\n                 from main.cpp:3:\n/usr/include/c++/5/ext/string_conversions.h:83:5: note: candidate: template<class _String, class _CharT> _String __gnu_cxx::__to_xstring(int (*)(_CharT*, int, const _CharT*, __va_list_tag*), int, const _CharT*, ...)\n     __to_xstring(int (*__convf) (_CharT*, std::size_t, const _CharT*,\n     ^\n/usr/include/c++/5/ext/string_conversions.h:83:5: note:   template argument deduction/substitution failed:\nIn file included from /usr/include/c++/5/string:52:0,\n                 from /usr/include/c++/5/bits/locale_classes.h:40,\n                 from /usr/include/c++/5/bits/ios_base.h:41,\n                 from /usr/include/c++/5/ios:42,\n                 from /usr/include/c++/5/ostream:38,\n                 from /usr/include/c++/5/iostream:39,\n                 from main.cpp:3:\n/usr/include/c++/5/bits/basic_string.h:5449:22: note:   mismatched types ‘int’ and ‘size_t {aka long unsigned int}’\n          L\"%f\", __val);\n                      ^\n/usr/include/c++/5/bits/basic_string.h: In function ‘std::__cxx11::wstring std::__cxx11::to_wstring(long double)’:\n/usr/include/c++/5/bits/basic_string.h:5458:23: error: no matching function for call to ‘__to_xstring(int (*)(wchar_t*, size_t, const wchar_t*, __va_list_tag*) throw (), const int&, const wchar_t [4], long double&)’\n          L\"%Lf\", __val);\n                       ^\nIn file included from /usr/include/c++/5/bits/basic_string.h:5249:0,\n                 from /usr/include/c++/5/string:52,\n                 from /usr/include/c++/5/bits/locale_classes.h:40,\n                 from /usr/include/c++/5/bits/ios_base.h:41,\n                 from /usr/include/c++/5/ios:42,\n                 from /usr/include/c++/5/ostream:38,\n                 from /usr/include/c++/5/iostream:39,\n                 from main.cpp:3:\n/usr/include/c++/5/ext/string_conversions.h:83:5: note: candidate: template<class _String, class _CharT> _String __gnu_cxx::__to_xstring(int (*)(_CharT*, int, const _CharT*, __va_list_tag*), int, const _CharT*, ...)\n     __to_xstring(int (*__convf) (_CharT*, std::size_t, const _CharT*,\n     ^\n/usr/include/c++/5/ext/string_conversions.h:83:5: note:   template argument deduction/substitution failed:\nIn file included from /usr/include/c++/5/string:52:0,\n                 from /usr/include/c++/5/bits/locale_classes.h:40,\n                 from /usr/include/c++/5/bits/ios_base.h:41,\n                 from /usr/include/c++/5/ios:42,\n                 from /usr/include/c++/5/ostream:38,\n                 from /usr/include/c++/5/iostream:39,\n                 from main.cpp:3:\n/usr/include/c++/5/bits/basic_string.h:5458:23: note:   mismatched types ‘int’ and ‘size_t {aka long unsigned int}’\n          L\"%Lf\", __val);\n                       ^\nIn file included from /usr/include/c++/5/string:52:0,\n                 from /usr/include/c++/5/bits/locale_classes.h:40,\n                 from /usr/include/c++/5/bits/ios_base.h:41,\n                 from /usr/include/c++/5/ios:42,\n                 from /usr/include/c++/5/ostream:38,\n                 from /usr/include/c++/5/iostream:39,\n                 from main.cpp:3:\n/usr/include/c++/5/bits/basic_string.h: In member function ‘size_t std::hash<std::__cxx11::basic_string<char> >::operator()(const string&) const’:\n/usr/include/c++/5/bits/basic_string.h:5487:54: error: ‘const string {aka const class std::__cxx11::basic_string<char>}’ has no member named ‘length’\n       { return std::_Hash_impl::hash(__s.data(), __s.length()); }\n                                                      ^\n/usr/include/c++/5/bits/basic_string.h: In member function ‘size_t std::hash<std::__cxx11::basic_string<wchar_t> >::operator()(const wstring&) const’:\n/usr/include/c++/5/bits/basic_string.h:5503:42: error: ‘const wstring {aka const class std::__cxx11::basic_string<wchar_t>}’ has no member named ‘length’\n                                      __s.length() * sizeof(wchar_t)); }\n                                          ^\nIn file included from /usr/include/c++/5/bits/basic_string.h:40:0,\n                 from /usr/include/c++/5/string:52,\n                 from /usr/include/c++/5/bits/locale_classes.h:40,\n                 from /usr/include/c++/5/bits/ios_base.h:41,\n                 from /usr/include/c++/5/ios:42,\n                 from /usr/include/c++/5/ostream:38,\n                 from /usr/include/c++/5/iostream:39,\n                 from main.cpp:3:\n/usr/include/c++/5/ext/alloc_traits.h: In instantiation of ‘struct __gnu_cxx::__alloc_traits<std::allocator<char16_t> >’:\n/usr/include/c++/5/bits/basic_string.h:74:24:   required from ‘class std::__cxx11::basic_string<char16_t>’\n/usr/include/c++/5/bits/basic_string.h:5520:41:   required from here\n/usr/include/c++/5/ext/alloc_traits.h:106:53: error: no type named ‘size_type’ in ‘struct std::allocator_traits<std::allocator<char16_t> >’\n     typedef typename _Base_type::size_type          size_type;\n                                                     ^\n/usr/include/c++/5/ext/alloc_traits.h:107:53: error: no type named ‘difference_type’ in ‘struct std::allocator_traits<std::allocator<char16_t> >’\n     typedef typename _Base_type::difference_type    difference_type;\n                                                     ^\n/usr/include/c++/5/ext/alloc_traits.h:115:23: error: no members matching ‘__gnu_cxx::__alloc_traits<std::allocator<char16_t> >::_Base_type {aka std::allocator_traits<std::allocator<char16_t> >}::max_size’ in ‘__gnu_cxx::__alloc_traits<std::allocator<char16_t> >::_Base_type {aka struct std::allocator_traits<std::allocator<char16_t> >}’\n     using _Base_type::max_size;\n                       ^\nIn file included from /usr/include/c++/5/string:52:0,\n                 from /usr/include/c++/5/bits/locale_classes.h:40,\n                 from /usr/include/c++/5/bits/ios_base.h:41,\n                 from /usr/include/c++/5/ios:42,\n                 from /usr/include/c++/5/ostream:38,\n                 from /usr/include/c++/5/iostream:39,\n                 from main.cpp:3:\n/usr/include/c++/5/bits/basic_string.h: In member function ‘size_t std::hash<std::__cxx11::basic_string<char16_t> >::operator()(const u16string&) const’:\n/usr/include/c++/5/bits/basic_string.h:5521:42: error: ‘const u16string {aka const class std::__cxx11::basic_string<char16_t>}’ has no member named ‘length’\n                                      __s.length() * sizeof(char16_t)); }\n                                          ^\nIn file included from /usr/include/c++/5/bits/basic_string.h:40:0,\n                 from /usr/include/c++/5/string:52,\n                 from /usr/include/c++/5/bits/locale_classes.h:40,\n                 from /usr/include/c++/5/bits/ios_base.h:41,\n                 from /usr/include/c++/5/ios:42,\n                 from /usr/include/c++/5/ostream:38,\n                 from /usr/include/c++/5/iostream:39,\n                 from main.cpp:3:\n/usr/include/c++/5/ext/alloc_traits.h: In instantiation of ‘struct __gnu_cxx::__alloc_traits<std::allocator<char32_t> >’:\n/usr/include/c++/5/bits/basic_string.h:74:24:   required from ‘class std::__cxx11::basic_string<char32_t>’\n/usr/include/c++/5/bits/basic_string.h:5535:41:   required from here\n/usr/include/c++/5/ext/alloc_traits.h:106:53: error: no type named ‘size_type’ in ‘struct std::allocator_traits<std::allocator<char32_t> >’\n     typedef typename _Base_type::size_type          size_type;\n                                                     ^\n/usr/include/c++/5/ext/alloc_traits.h:107:53: error: no type named ‘difference_type’ in ‘struct std::allocator_traits<std::allocator<char32_t> >’\n     typedef typename _Base_type::difference_type    difference_type;\n                                                     ^\n/usr/include/c++/5/ext/alloc_traits.h:115:23: error: no members matching ‘__gnu_cxx::__alloc_traits<std::allocator<char32_t> >::_Base_type {aka std::allocator_traits<std::allocator<char32_t> >}::max_size’ in ‘__gnu_cxx::__alloc_traits<std::allocator<char32_t> >::_Base_type {aka struct std::allocator_traits<std::allocator<char32_t> >}’\n     using _Base_type::max_size;\n                       ^\nIn file included from /usr/include/c++/5/string:52:0,\n                 from /usr/include/c++/5/bits/locale_classes.h:40,\n                 from /usr/include/c++/5/bits/ios_base.h:41,\n                 from /usr/include/c++/5/ios:42,\n                 from /usr/include/c++/5/ostream:38,\n                 from /usr/include/c++/5/iostream:39,\n                 from main.cpp:3:\n/usr/include/c++/5/bits/basic_string.h: In member function ‘size_t std::hash<std::__cxx11::basic_string<char32_t> >::operator()(const u32string&) const’:\n/usr/include/c++/5/bits/basic_string.h:5536:42: error: ‘const u32string {aka const class std::__cxx11::basic_string<char32_t>}’ has no member named ‘length’\n                                      __s.length() * sizeof(char32_t)); }\n                                          ^\nIn file included from /usr/include/c++/5/string:53:0,\n                 from /usr/include/c++/5/bits/locale_classes.h:40,\n                 from /usr/include/c++/5/bits/ios_base.h:41,\n                 from /usr/include/c++/5/ios:42,\n                 from /usr/include/c++/5/ostream:38,\n                 from /usr/include/c++/5/iostream:39,\n                 from main.cpp:3:\n/usr/include/c++/5/bits/basic_string.tcc: In function ‘std::basic_istream<_CharT, _Traits>& std::operator>>(std::basic_istream<_CharT, _Traits>&, std::__cxx11::basic_string<_CharT, _Traits, _Alloc>&)’:\n/usr/include/c++/5/bits/basic_string.tcc:1463:14: error: ‘streamsize’ does not name a type\n        const streamsize __w = __in.width();\n              ^\n/usr/include/c++/5/bits/basic_string.tcc:1464:32: error: ‘__w’ was not declared in this scope\n        const __size_type __n = __w > 0 ? static_cast<__size_type>(__w)\n                                ^\nIn file included from /usr/include/c++/5/ios:42:0,\n                 from /usr/include/c++/5/ostream:38,\n                 from /usr/include/c++/5/iostream:39,\n                 from main.cpp:3:\n/usr/include/c++/5/bits/ios_base.h: At global scope:\n/usr/include/c++/5/bits/ios_base.h:520:5: error: ‘streamsize’ does not name a type\n     streamsize  _M_precision;\n     ^\n/usr/include/c++/5/bits/ios_base.h:521:5: error: ‘streamsize’ does not name a type\n     streamsize  _M_width;\n     ^\n/usr/include/c++/5/bits/ios_base.h:688:5: error: ‘streamsize’ does not name a type\n     streamsize\n     ^\n/usr/include/c++/5/bits/ios_base.h:697:5: error: ‘streamsize’ does not name a type\n     streamsize\n     ^\n/usr/include/c++/5/bits/ios_base.h:711:5: error: ‘streamsize’ does not name a type\n     streamsize\n     ^\n/usr/include/c++/5/bits/ios_base.h:720:5: error: ‘streamsize’ does not name a type\n     streamsize\n     ^\nIn file included from /usr/include/c++/5/ios:43:0,\n                 from /usr/include/c++/5/ostream:38,\n                 from /usr/include/c++/5/iostream:39,\n                 from main.cpp:3:\n/usr/include/c++/5/streambuf:50:5: error: ‘streamsize’ does not name a type\n     streamsize\n     ^\n/usr/include/c++/5/streambuf:147:14: error: ‘streamsize’ does not name a type\n       friend streamsize\n              ^\n/usr/include/c++/5/streambuf:239:33: error: ‘streamsize’ has not been declared\n       pubsetbuf(char_type* __s, streamsize __n)\n                                 ^\n/usr/include/c++/5/streambuf:283:7: error: ‘streamsize’ does not name a type\n       streamsize\n       ^\n/usr/include/c++/5/streambuf:356:7: error: ‘streamsize’ does not name a type\n       streamsize\n       ^\n/usr/include/c++/5/streambuf:449:7: error: ‘streamsize’ does not name a type\n       streamsize\n       ^\n/usr/include/c++/5/streambuf:591:26: error: ‘streamsize’ has not been declared\n       setbuf(char_type*, streamsize)\n                          ^\n/usr/include/c++/5/streambuf:648:15: error: ‘streamsize’ does not name a type\n       virtual streamsize\n               ^\n/usr/include/c++/5/streambuf:664:15: error: ‘streamsize’ does not name a type\n       virtual streamsize\n               ^\n/usr/include/c++/5/streambuf:741:15: error: ‘streamsize’ does not name a type\n       virtual streamsize\n               ^\n/usr/include/c++/5/streambuf:794:20: error: ‘streamsize’ has not been declared\n       __safe_gbump(streamsize __n) { _M_in_cur += __n; }\n                    ^\n/usr/include/c++/5/streambuf:797:20: error: ‘streamsize’ has not been declared\n       __safe_pbump(streamsize __n) { _M_out_cur += __n; }\n                    ^\n/usr/include/c++/5/streambuf:837:5: error: ‘streamsize’ does not name a type\n     streamsize\n     ^\n/usr/include/c++/5/streambuf:842:5: error: ‘streamsize’ does not name a type\n     streamsize\n     ^\nIn file included from /usr/include/c++/5/streambuf:850:0,\n                 from /usr/include/c++/5/ios:43,\n                 from /usr/include/c++/5/ostream:38,\n                 from /usr/include/c++/5/iostream:39,\n                 from main.cpp:3:\n/usr/include/c++/5/bits/streambuf.tcc:44:5: error: ‘streamsize’ does not name a type\n     streamsize\n     ^\n/usr/include/c++/5/bits/streambuf.tcc:78:5: error: ‘streamsize’ does not name a type\n     streamsize\n     ^\n/usr/include/c++/5/bits/streambuf.tcc:115:5: error: ‘streamsize’ does not name a type\n     streamsize\n     ^\n/usr/include/c++/5/bits/streambuf.tcc:138:12: error: ‘streamsize’ does not name a type\n     inline streamsize\n            ^\n/usr/include/c++/5/bits/streambuf.tcc:151:5: error: ‘streamsize’ is not a template function\n     streamsize\n     ^\n/usr/include/c++/5/bits/streambuf.tcc:152:5: error: expected ‘;’ before ‘__copy_streambufs’\n     __copy_streambufs(basic_streambuf<char>*,\n     ^\n/usr/include/c++/5/bits/streambuf.tcc:155:5: error: ‘streamsize’ is not a template function\n     streamsize\n     ^\n/usr/include/c++/5/bits/streambuf.tcc:156:5: error: expected ‘;’ before ‘__copy_streambufs_eof’\n     __copy_streambufs_eof(basic_streambuf<char>*,\n     ^\n/usr/include/c++/5/bits/streambuf.tcc:162:5: error: ‘streamsize’ is not a template function\n     streamsize\n     ^\n/usr/include/c++/5/bits/streambuf.tcc:163:5: error: expected ‘;’ before ‘__copy_streambufs’\n     __copy_streambufs(basic_streambuf<wchar_t>*,\n     ^\n/usr/include/c++/5/bits/streambuf.tcc:166:5: error: ‘streamsize’ is not a template function\n     streamsize\n     ^\n/usr/include/c++/5/bits/streambuf.tcc:167:5: error: expected ‘;’ before ‘__copy_streambufs_eof’\n     __copy_streambufs_eof(basic_streambuf<wchar_t>*,\n     ^\nIn file included from /usr/include/c++/5/bits/locale_facets.h:48:0,\n                 from /usr/include/c++/5/bits/basic_ios.h:37,\n                 from /usr/include/c++/5/ios:44,\n                 from /usr/include/c++/5/ostream:38,\n                 from /usr/include/c++/5/iostream:39,\n                 from main.cpp:3:\n/usr/include/c++/5/bits/streambuf_iterator.h:279:34: error: ‘streamsize’ has not been declared\n       _M_put(const _CharT* __ws, streamsize __len)\n                                  ^\n/usr/include/c++/5/bits/streambuf_iterator.h: In function ‘typename __gnu_cxx::__enable_if<std::__is_char<_CharT>::__value, std::ostreambuf_iterator<_CharT, std::char_traits<_CharT> > >::__type std::__copy_move_a2(_CharT*, _CharT*, std::ostreambuf_iterator<_CharT, std::char_traits<_CharT> >)’:\n/usr/include/c++/5/bits/streambuf_iterator.h:313:13: error: ‘streamsize’ does not name a type\n       const streamsize __num = __last - __first;\n             ^\n/usr/include/c++/5/bits/streambuf_iterator.h:314:11: error: ‘__num’ was not declared in this scope\n       if (__num > 0)\n           ^\n/usr/include/c++/5/bits/streambuf_iterator.h: In function ‘typename __gnu_cxx::__enable_if<std::__is_char<_CharT>::__value, std::ostreambuf_iterator<_CharT, std::char_traits<_CharT> > >::__type std::__copy_move_a2(const _CharT*, const _CharT*, std::ostreambuf_iterator<_CharT, std::char_traits<_CharT> >)’:\n/usr/include/c++/5/bits/streambuf_iterator.h:325:13: error: ‘streamsize’ does not name a type\n       const streamsize __num = __last - __first;\n             ^\n/usr/include/c++/5/bits/streambuf_iterator.h:326:11: error: ‘__num’ was not declared in this scope\n       if (__num > 0)\n           ^\n/usr/include/c++/5/bits/streambuf_iterator.h: In function ‘typename __gnu_cxx::__enable_if<std::__is_char<_CharT>::__value, _CharT*>::__type std::__copy_move_a2(std::istreambuf_iterator<_CharT, std::char_traits<_CharT> >, std::istreambuf_iterator<_CharT, std::char_traits<_CharT> >, _CharT*)’:\n/usr/include/c++/5/bits/streambuf_iterator.h:348:14: error: ‘streamsize’ does not name a type\n        const streamsize __n = __sb->egptr() - __sb->gptr();\n              ^\n/usr/include/c++/5/bits/streambuf_iterator.h:349:12: error: ‘__n’ was not declared in this scope\n        if (__n > 1)\n            ^\n/usr/include/c++/5/bits/streambuf_iterator.h: In function ‘typename __gnu_cxx::__enable_if<std::__is_char<_CharT2>::__value, std::istreambuf_iterator<_CharT> >::__type std::find(std::istreambuf_iterator<_CharT>, std::istreambuf_iterator<_CharT>, const _CharT2&)’:\n/usr/include/c++/5/bits/streambuf_iterator.h:385:8: error: ‘streamsize’ was not declared in this scope\n        streamsize __n = __sb->egptr() - __sb->gptr();\n        ^\n/usr/include/c++/5/bits/streambuf_iterator.h:386:12: error: ‘__n’ was not declared in this scope\n        if (__n > 1)\n            ^\nIn file included from /usr/include/c++/5/bits/basic_ios.h:37:0,\n                 from /usr/include/c++/5/ios:44,\n                 from /usr/include/c++/5/ostream:38,\n                 from /usr/include/c++/5/iostream:39,\n                 from main.cpp:3:\n/usr/include/c++/5/bits/locale_facets.h: At global scope:\n/usr/include/c++/5/bits/locale_facets.h:99:29: error: ‘streamsize’ has not been declared\n       const _CharT* __olds, streamsize __newlen, streamsize __oldlen);\n                             ^\n/usr/include/c++/5/bits/locale_facets.h:99:50: error: ‘streamsize’ has not been declared\n       const _CharT* __olds, streamsize __newlen, streamsize __oldlen);\n                                                  ^\nIn file included from /usr/include/c++/5/bits/basic_ios.h:37:0,\n                 from /usr/include/c++/5/ios:44,\n                 from /usr/include/c++/5/ostream:38,\n                 from /usr/include/c++/5/iostream:39,\n                 from main.cpp:3:\n/usr/include/c++/5/bits/locale_facets.h:2484:32: error: ‘streamsize’ has not been declared\n       _M_pad(char_type __fill, streamsize __w, ios_base& __io,\n                                ^\nIn file included from /usr/include/c++/5/bits/locale_facets.h:2651:0,\n                 from /usr/include/c++/5/bits/basic_ios.h:37,\n                 from /usr/include/c++/5/ios:44,\n                 from /usr/include/c++/5/ostream:38,\n                 from /usr/include/c++/5/iostream:39,\n                 from main.cpp:3:\n/usr/include/c++/5/bits/locale_facets.tcc: In member function ‘void std::__numpunct_cache<_CharT>::_M_cache(const std::locale&)’:\n/usr/include/c++/5/bits/locale_facets.tcc:88:27: error: ‘const string {aka const class std::__cxx11::basic_string<char>}’ has no member named ‘size’\n    _M_grouping_size = __g.size();\n                           ^\n/usr/include/c++/5/bits/locale_facets.tcc:90:8: error: ‘const string {aka const class std::__cxx11::basic_string<char>}’ has no member named ‘copy’\n    __g.copy(__grouping, _M_grouping_size);\n        ^\n/usr/include/c++/5/bits/locale_facets.tcc: In member function ‘_InIter std::num_get<_CharT, _InIter>::_M_extract_float(_InIter, _InIter, std::ios_base&, std::ios_base::iostate&, std::__cxx11::string&) const’:\n/usr/include/c++/5/bits/locale_facets.tcc:211:19: error: ‘std::__cxx11::string {aka class std::__cxx11::basic_string<char>}’ has no member named ‘reserve’\n  __found_grouping.reserve(32);\n                   ^\n/usr/include/c++/5/bits/locale_facets.tcc:296:28: error: ‘std::__cxx11::string {aka class std::__cxx11::basic_string<char>}’ has no member named ‘size’\n       if (__found_grouping.size())\n                            ^\n/usr/include/c++/5/bits/locale_facets.tcc:319:28: error: ‘std::__cxx11::string {aka class std::__cxx11::basic_string<char>}’ has no member named ‘size’\n       if (__found_grouping.size() && !__found_dec)\n                            ^\n/usr/include/c++/5/bits/locale_facets.tcc:355:28: error: ‘std::__cxx11::string {aka class std::__cxx11::basic_string<char>}’ has no member named ‘size’\n       if (__found_grouping.size())\n                            ^\n/usr/include/c++/5/bits/locale_facets.tcc: In member function ‘_InIter std::num_get<_CharT, _InIter>::_M_extract_int(_InIter, _InIter, std::ios_base&, std::ios_base::iostate&, _ValueT&) const’:\n/usr/include/c++/5/bits/locale_facets.tcc:468:21: error: ‘std::__cxx11::string {aka class std::__cxx11::basic_string<char>}’ has no member named ‘reserve’\n    __found_grouping.reserve(32);\n                     ^\n/usr/include/c++/5/bits/locale_facets.tcc:554:23: error: ‘std::__cxx11::string {aka class std::__cxx11::basic_string<char>}’ has no member named ‘size’\n  if (__found_grouping.size())\n                       ^\n/usr/include/c++/5/bits/locale_facets.tcc:567:56: error: ‘std::__cxx11::string {aka class std::__cxx11::basic_string<char>}’ has no member named ‘size’\n  if ((!__sep_pos && !__found_zero && !__found_grouping.size())\n                                                        ^\n/usr/include/c++/5/bits/locale_facets.tcc: In member function ‘virtual _InIter std::num_get<_CharT, _InIter>::do_get(std::num_get<_CharT, _InIter>::iter_type, std::num_get<_CharT, _InIter>::iter_type, std::ios_base&, std::ios_base::iostate&, float&) const’:\n/usr/include/c++/5/bits/locale_facets.tcc:695:14: error: ‘std::__cxx11::string {aka class std::__cxx11::basic_string<char>}’ has no member named ‘reserve’\n       __xtrc.reserve(32);\n              ^\n/usr/include/c++/5/bits/locale_facets.tcc: In member function ‘virtual _InIter std::num_get<_CharT, _InIter>::do_get(std::num_get<_CharT, _InIter>::iter_type, std::num_get<_CharT, _InIter>::iter_type, std::ios_base&, std::ios_base::iostate&, double&) const’:\n/usr/include/c++/5/bits/locale_facets.tcc:710:14: error: ‘std::__cxx11::string {aka class std::__cxx11::basic_string<char>}’ has no member named ‘reserve’\n       __xtrc.reserve(32);\n              ^\n/usr/include/c++/5/bits/locale_facets.tcc: In member function ‘virtual _InIter std::num_get<_CharT, _InIter>::do_get(std::num_get<_CharT, _InIter>::iter_type, std::num_get<_CharT, _InIter>::iter_type, std::ios_base&, std::ios_base::iostate&, long double&) const’:\n/usr/include/c++/5/bits/locale_facets.tcc:742:14: error: ‘std::__cxx11::string {aka class std::__cxx11::basic_string<char>}’ has no member named ‘reserve’\n       __xtrc.reserve(32);\n              ^\n/usr/include/c++/5/bits/locale_facets.tcc: At global scope:\n/usr/include/c++/5/bits/locale_facets.tcc:780:27: error: ‘streamsize’ has not been declared\n     _M_pad(_CharT __fill, streamsize __w, ios_base& __io,\n                           ^\n/usr/include/c++/5/bits/locale_facets.tcc: In member function ‘_OutIter std::num_put<_CharT, _OutIter>::_M_insert_int(_OutIter, std::ios_base&, _CharT, _ValueT) const’:\n/usr/include/c++/5/bits/locale_facets.tcc:921:8: error: ‘streamsize’ does not name a type\n  const streamsize __w = __io.width();\n        ^\n/usr/include/c++/5/bits/locale_facets.tcc:922:6: error: ‘__w’ was not declared in this scope\n  if (__w > static_cast<streamsize>(__len))\n      ^\n/usr/include/c++/5/bits/locale_facets.tcc:922:24: error: ‘streamsize’ does not name a type\n  if (__w > static_cast<streamsize>(__len))\n                        ^\n/usr/include/c++/5/bits/locale_facets.tcc:929:7: error: ‘class std::ios_base’ has no member named ‘width’\n  __io.width(0);\n       ^\n/usr/include/c++/5/bits/locale_facets.tcc: In member function ‘_OutIter std::num_put<_CharT, _OutIter>::_M_insert_float(_OutIter, std::ios_base&, _CharT, char, _ValueT) const’:\n/usr/include/c++/5/bits/locale_facets.tcc:984:8: error: ‘streamsize’ does not name a type\n  const streamsize __prec = __io.precision() < 0 ? 6 : __io.precision();\n        ^\n/usr/include/c++/5/bits/locale_facets.tcc:1006:14: error: ‘__prec’ was not declared in this scope\n      __fbuf, __prec, __v);\n              ^\n/usr/include/c++/5/bits/locale_facets.tcc:1018:18: error: ‘__prec’ was not declared in this scope\n          __fbuf, __prec, __v);\n                  ^\n/usr/include/c++/5/bits/locale_facets.tcc:1071:6: error: ‘streamsize’ was not declared in this scope\n      streamsize __off = 0;\n      ^\n/usr/include/c++/5/bits/locale_facets.tcc:1074:3: error: ‘__off’ was not declared in this scope\n   __off = 1;\n   ^\n/usr/include/c++/5/bits/locale_facets.tcc:1080:45: error: ‘__off’ was not declared in this scope\n       __lc->_M_thousands_sep, __wp, __ws2 + __off,\n                                             ^\n/usr/include/c++/5/bits/locale_facets.tcc:1088:8: error: ‘streamsize’ does not name a type\n  const streamsize __w = __io.width();\n        ^\n/usr/include/c++/5/bits/locale_facets.tcc:1089:6: error: ‘__w’ was not declared in this scope\n  if (__w > static_cast<streamsize>(__len))\n      ^\n/usr/include/c++/5/bits/locale_facets.tcc:1089:24: error: ‘streamsize’ does not name a type\n  if (__w > static_cast<streamsize>(__len))\n                        ^\n/usr/include/c++/5/bits/locale_facets.tcc:1096:7: error: ‘class std::ios_base’ has no member named ‘width’\n  __io.width(0);\n       ^\n/usr/include/c++/5/bits/locale_facets.tcc: In member function ‘virtual _OutIter std::num_put<_CharT, _OutIter>::do_put(std::num_put<_CharT, _OutIter>::iter_type, std::ios_base&, std::num_put<_CharT, _OutIter>::char_type, bool) const’:\n/usr/include/c++/5/bits/locale_facets.tcc:1126:10: error: ‘streamsize’ does not name a type\n    const streamsize __w = __io.width();\n          ^\n/usr/include/c++/5/bits/locale_facets.tcc:1127:8: error: ‘__w’ was not declared in this scope\n    if (__w > static_cast<streamsize>(__len))\n        ^\n/usr/include/c++/5/bits/locale_facets.tcc:1127:26: error: ‘streamsize’ does not name a type\n    if (__w > static_cast<streamsize>(__len))\n                          ^\n/usr/include/c++/5/bits/locale_facets.tcc:1129:14: error: ‘streamsize’ does not name a type\n        const streamsize __plen = __w - __len;\n              ^\n/usr/include/c++/5/bits/locale_facets.tcc:1132:10: error: ‘__plen’ was not declared in this scope\n        * __plen));\n          ^\n/usr/include/c++/5/bits/locale_facets.tcc:1135:13: error: ‘class std::ios_base’ has no member named ‘width’\n        __io.width(0);\n             ^\n/usr/include/c++/5/bits/locale_facets.tcc:1149:9: error: ‘class std::ios_base’ has no member named ‘width’\n    __io.width(0);\n         ^\n/usr/include/c++/5/bits/locale_facets.tcc: At global scope:\n/usr/include/c++/5/bits/locale_facets.tcc:1210:8: error: ‘streamsize’ has not been declared\n        streamsize __newlen, streamsize __oldlen)\n        ^\n/usr/include/c++/5/bits/locale_facets.tcc:1210:29: error: ‘streamsize’ has not been declared\n        streamsize __newlen, streamsize __oldlen)\n                             ^\nIn file included from /usr/include/c++/5/iostream:39:0,\n                 from main.cpp:3:\n/usr/include/c++/5/ostream:311:38: error: ‘streamsize’ has not been declared\n       _M_write(const char_type* __s, streamsize __n)\n                                      ^\n/usr/include/c++/5/ostream:335:35: error: ‘streamsize’ has not been declared\n       write(const char_type* __s, streamsize __n);\n                                   ^\n/usr/include/c++/5/ostream: In member function ‘void std::basic_ostream<_CharT, _Traits>::_M_write(const char_type*, int)’:\n/usr/include/c++/5/ostream:313:8: error: ‘streamsize’ does not name a type\n  const streamsize __put = this->rdbuf()->sputn(__s, __n);\n        ^\n/usr/include/c++/5/ostream:314:6: error: ‘__put’ was not declared in this scope\n  if (__put != __n)\n      ^\n/usr/include/c++/5/ostream: In function ‘std::basic_ostream<_CharT, _Traits>& std::operator<<(std::basic_ostream<_CharT, _Traits>&, const _CharT*)’:\n/usr/include/c++/5/ostream:545:17: error: ‘streamsize’ does not name a type\n     static_cast<streamsize>(_Traits::length(__s)));\n                 ^\n/usr/include/c++/5/ostream: In function ‘std::basic_ostream<char, _Traits>& std::operator<<(std::basic_ostream<char, _Traits>&, const char*)’:\n/usr/include/c++/5/ostream:562:17: error: ‘streamsize’ does not name a type\n     static_cast<streamsize>(_Traits::length(__s)));\n                 ^\nIn file included from /usr/include/c++/5/ostream:638:0,\n                 from /usr/include/c++/5/iostream:39,\n                 from main.cpp:3:\n/usr/include/c++/5/bits/ostream.tcc: At global scope:\n/usr/include/c++/5/bits/ostream.tcc:183:30: error: ‘streamsize’ has not been declared\n     write(const _CharT* __s, streamsize __n)\n                              ^\nIn file included from /usr/include/c++/5/iostream:40:0,\n                 from main.cpp:3:\n/usr/include/c++/5/istream:82:7: error: ‘streamsize’ does not name a type\n       streamsize   _M_gcount;\n       ^\n/usr/include/c++/5/istream:268:7: error: ‘streamsize’ does not name a type\n       streamsize\n       ^\n/usr/include/c++/5/istream:343:27: error: ‘streamsize’ has not been declared\n       get(char_type* __s, streamsize __n, char_type __delim);\n                           ^\n/usr/include/c++/5/istream:354:27: error: ‘streamsize’ has not been declared\n       get(char_type* __s, streamsize __n)\n                           ^\n/usr/include/c++/5/istream:416:31: error: ‘streamsize’ has not been declared\n       getline(char_type* __s, streamsize __n, char_type __delim);\n                               ^\n/usr/include/c++/5/istream:427:31: error: ‘streamsize’ has not been declared\n       getline(char_type* __s, streamsize __n)\n                               ^\n/usr/include/c++/5/istream:451:7: error: expected ‘;’ at end of member declaration\n       ignore(streamsize __n, int_type __delim);\n       ^\n/usr/include/c++/5/istream:451:25: error: expected ‘)’ before ‘__n’\n       ignore(streamsize __n, int_type __delim);\n                         ^\n/usr/include/c++/5/istream:454:7: error: expected ‘;’ at end of member declaration\n       ignore(streamsize __n);\n       ^\n/usr/include/c++/5/istream:454:14: error: redeclaration of ‘std::basic_istream<_CharT, _Traits>::__istream_type& std::basic_istream<_CharT, _Traits>::ignore’\n       ignore(streamsize __n);\n              ^\n/usr/include/c++/5/istream:451:14: note: previous declaration ‘std::basic_istream<_CharT, _Traits>::__istream_type& std::basic_istream<_CharT, _Traits>::ignore’\n       ignore(streamsize __n, int_type __delim);\n              ^\n/usr/include/c++/5/istream:454:25: error: expected ‘)’ before ‘__n’\n       ignore(streamsize __n);\n                         ^\n/usr/include/c++/5/istream:457:14: error: ‘std::basic_istream<_CharT, _Traits>::__istream_type& std::basic_istream<_CharT, _Traits>::ignore()’ conflicts with a previous declaration\n       ignore();\n              ^\n/usr/include/c++/5/istream:451:14: note: previous declaration ‘std::basic_istream<_CharT, _Traits>::__istream_type& std::basic_istream<_CharT, _Traits>::ignore’\n       ignore(streamsize __n, int_type __delim);\n              ^\n/usr/include/c++/5/istream:486:28: error: ‘streamsize’ has not been declared\n       read(char_type* __s, streamsize __n);\n                            ^\n/usr/include/c++/5/istream:504:7: error: ‘streamsize’ does not name a type\n       streamsize\n       ^\n/usr/include/c++/5/istream: In constructor ‘std::basic_istream<_CharT, _Traits>::basic_istream(std::basic_istream<_CharT, _Traits>::__streambuf_type*)’:\n/usr/include/c++/5/istream:94:9: error: class ‘std::basic_istream<_CharT, _Traits>’ does not have any field named ‘_M_gcount’\n       : _M_gcount(streamsize(0))\n         ^\n/usr/include/c++/5/istream:94:31: error: there are no arguments to ‘streamsize’ that depend on a template parameter, so a declaration of ‘streamsize’ must be available [-fpermissive]\n       : _M_gcount(streamsize(0))\n                               ^\n/usr/include/c++/5/istream:94:31: note: (if you use ‘-fpermissive’, G++ will accept your code, but allowing the use of an undeclared name is deprecated)\n/usr/include/c++/5/istream: In destructor ‘virtual std::basic_istream<_CharT, _Traits>::~basic_istream()’:\n/usr/include/c++/5/istream:104:9: error: ‘_M_gcount’ was not declared in this scope\n       { _M_gcount = streamsize(0); }\n         ^\n/usr/include/c++/5/istream:104:33: error: there are no arguments to ‘streamsize’ that depend on a template parameter, so a declaration of ‘streamsize’ must be available [-fpermissive]\n       { _M_gcount = streamsize(0); }\n                                 ^\n/usr/include/c++/5/istream: In constructor ‘std::basic_istream<_CharT, _Traits>::basic_istream()’:\n/usr/include/c++/5/istream:607:9: error: class ‘std::basic_istream<_CharT, _Traits>’ does not have any field named ‘_M_gcount’\n       : _M_gcount(streamsize(0))\n         ^\n/usr/include/c++/5/istream:607:31: error: there are no arguments to ‘streamsize’ that depend on a template parameter, so a declaration of ‘streamsize’ must be available [-fpermissive]\n       : _M_gcount(streamsize(0))\n                               ^\n/usr/include/c++/5/istream: In constructor ‘std::basic_istream<_CharT, _Traits>::basic_istream(std::basic_istream<_CharT, _Traits>&&)’:\n/usr/include/c++/5/istream:614:23: error: class ‘std::basic_istream<_CharT, _Traits>’ does not have any field named ‘_M_gcount’\n       : __ios_type(), _M_gcount(__rhs._M_gcount)\n                       ^\n/usr/include/c++/5/istream: In member function ‘void std::basic_istream<_CharT, _Traits>::swap(std::basic_istream<_CharT, _Traits>&)’:\n/usr/include/c++/5/istream:635:12: error: ‘_M_gcount’ was not declared in this scope\n  std::swap(_M_gcount, __rhs._M_gcount);\n            ^\n/usr/include/c++/5/istream: In instantiation of ‘class std::basic_istream<char>’:\n/usr/include/c++/5/istream:647:24:   required from here\n/usr/include/c++/5/istream:451:14: error: ‘std::basic_istream<_CharT, _Traits>::__istream_type& std::basic_istream<_CharT, _Traits>::ignore() [with _CharT = char; _Traits = std::char_traits<char>; std::basic_istream<_CharT, _Traits>::__istream_type = std::basic_istream<char>]’ conflicts with a previous declaration\n       ignore(streamsize __n, int_type __delim);\n              ^\n/usr/include/c++/5/istream:451:14: note: previous declaration ‘std::basic_istream<char>::__istream_type& std::basic_istream<char>::ignore’\n/usr/include/c++/5/istream: At global scope:\n/usr/include/c++/5/istream:648:29: error: ‘streamsize’ has not been declared\n     getline(char_type* __s, streamsize __n, char_type __delim);\n                             ^\n/usr/include/c++/5/istream:653:12: error: ‘std::basic_istream<char>& std::basic_istream<char>::ignore’ is not a static data member of ‘class std::basic_istream<char>’\n     ignore(streamsize __n);\n            ^\n/usr/include/c++/5/istream:653:12: error: ‘streamsize’ was not declared in this scope\n/usr/include/c++/5/istream:658:12: error: ‘std::basic_istream<char>& std::basic_istream<char>::ignore’ is not a static data member of ‘class std::basic_istream<char>’\n     ignore(streamsize __n, int_type __delim);\n            ^\n/usr/include/c++/5/istream:658:12: error: ‘streamsize’ was not declared in this scope\n/usr/include/c++/5/istream:658:37: error: expected primary-expression before ‘__delim’\n     ignore(streamsize __n, int_type __delim);\n                                     ^\n/usr/include/c++/5/istream:658:44: error: expression list treated as compound expression in initializer [-fpermissive]\n     ignore(streamsize __n, int_type __delim);\n                                            ^\n/usr/include/c++/5/istream: In instantiation of ‘class std::basic_istream<wchar_t>’:\n/usr/include/c++/5/istream:663:27:   required from here\n/usr/include/c++/5/istream:451:14: error: ‘std::basic_istream<_CharT, _Traits>::__istream_type& std::basic_istream<_CharT, _Traits>::ignore() [with _CharT = wchar_t; _Traits = std::char_traits<wchar_t>; std::basic_istream<_CharT, _Traits>::__istream_type = std::basic_istream<wchar_t>]’ conflicts with a previous declaration\n       ignore(streamsize __n, int_type __delim);\n              ^\n/usr/include/c++/5/istream:451:14: note: previous declaration ‘std::basic_istream<wchar_t>::__istream_type& std::basic_istream<wchar_t>::ignore’\n/usr/include/c++/5/istream:664:29: error: ‘streamsize’ has not been declared\n     getline(char_type* __s, streamsize __n, char_type __delim);\n                             ^\n/usr/include/c++/5/istream:669:12: error: ‘std::basic_istream<wchar_t>& std::basic_istream<wchar_t>::ignore’ is not a static data member of ‘class std::basic_istream<wchar_t>’\n     ignore(streamsize __n);\n            ^\n/usr/include/c++/5/istream:669:12: error: ‘streamsize’ was not declared in this scope\n/usr/include/c++/5/istream:674:12: error: ‘std::basic_istream<wchar_t>& std::basic_istream<wchar_t>::ignore’ is not a static data member of ‘class std::basic_istream<wchar_t>’\n     ignore(streamsize __n, int_type __delim);\n            ^\n/usr/include/c++/5/istream:674:12: error: ‘streamsize’ was not declared in this scope\n/usr/include/c++/5/istream:674:37: error: expected primary-expression before ‘__delim’\n     ignore(streamsize __n, int_type __delim);\n                                     ^\n/usr/include/c++/5/istream:674:44: error: expression list treated as compound expression in initializer [-fpermissive]\n     ignore(streamsize __n, int_type __delim);\n                                            ^\nIn file included from /usr/include/c++/5/istream:934:0,\n                 from /usr/include/c++/5/iostream:40,\n                 from main.cpp:3:\n/usr/include/c++/5/bits/istream.tcc: In member function ‘std::basic_istream<_CharT, _Traits>::int_type std::basic_istream<_CharT, _Traits>::get()’:\n/usr/include/c++/5/bits/istream.tcc:240:7: error: ‘_M_gcount’ was not declared in this scope\n       _M_gcount = 0;\n       ^\n/usr/include/c++/5/bits/istream.tcc: In member function ‘std::basic_istream<_CharT, _Traits>& std::basic_istream<_CharT, _Traits>::get(std::basic_istream<_CharT, _Traits>::char_type&)’:\n/usr/include/c++/5/bits/istream.tcc:274:7: error: ‘_M_gcount’ was not declared in this scope\n       _M_gcount = 0;\n       ^\n/usr/include/c++/5/bits/istream.tcc: At global scope:\n/usr/include/c++/5/bits/istream.tcc:309:25: error: ‘streamsize’ has not been declared\n     get(char_type* __s, streamsize __n, char_type __delim)\n                         ^\n/usr/include/c++/5/bits/istream.tcc: In member function ‘std::basic_istream<_CharT, _Traits>& std::basic_istream<_CharT, _Traits>::get(std::basic_istream<_CharT, _Traits>::char_type*, int, std::basic_istream<_CharT, _Traits>::char_type)’:\n/usr/include/c++/5/bits/istream.tcc:311:7: error: ‘_M_gcount’ was not declared in this scope\n       _M_gcount = 0;\n       ^\n/usr/include/c++/5/bits/istream.tcc: In member function ‘std::basic_istream<_CharT, _Traits>& std::basic_istream<_CharT, _Traits>::get(std::basic_istream<_CharT, _Traits>::__streambuf_type&, std::basic_istream<_CharT, _Traits>::char_type)’:\n/usr/include/c++/5/bits/istream.tcc:358:7: error: ‘_M_gcount’ was not declared in this scope\n       _M_gcount = 0;\n       ^\n/usr/include/c++/5/bits/istream.tcc: At global scope:\n/usr/include/c++/5/bits/istream.tcc:400:29: error: ‘streamsize’ has not been declared\n     getline(char_type* __s, streamsize __n, char_type __delim)\n                             ^\n/usr/include/c++/5/bits/istream.tcc: In member function ‘std::basic_istream<_CharT, _Traits>& std::basic_istream<_CharT, _Traits>::getline(std::basic_istream<_CharT, _Traits>::char_type*, int, std::basic_istream<_CharT, _Traits>::char_type)’:\n/usr/include/c++/5/bits/istream.tcc:402:7: error: ‘_M_gcount’ was not declared in this scope\n       _M_gcount = 0;\n       ^\n/usr/include/c++/5/bits/istream.tcc: In member function ‘std::basic_istream<_CharT, _Traits>& std::basic_istream<_CharT, _Traits>::ignore()’:\n/usr/include/c++/5/bits/istream.tcc:462:7: error: ‘_M_gcount’ was not declared in this scope\n       _M_gcount = 0;\n       ^\n/usr/include/c++/5/bits/istream.tcc: At global scope:\n/usr/include/c++/5/bits/istream.tcc:493:12: error: ‘std::basic_istream<_CharT, _Traits>& std::basic_istream<_CharT, _Traits>::ignore’ is not a static data member of ‘class std::basic_istream<_CharT, _Traits>’\n     ignore(streamsize __n)\n            ^\n/usr/include/c++/5/bits/istream.tcc:493:12: error: template definition of non-template ‘std::basic_istream<_CharT, _Traits>& std::basic_istream<_CharT, _Traits>::ignore’\n/usr/include/c++/5/bits/istream.tcc:493:12: error: ‘streamsize’ was not declared in this scope\n/usr/include/c++/5/bits/istream.tcc:555:12: error: ‘std::basic_istream<_CharT, _Traits>& std::basic_istream<_CharT, _Traits>::ignore’ is not a static data member of ‘class std::basic_istream<_CharT, _Traits>’\n     ignore(streamsize __n, int_type __delim)\n            ^\n/usr/include/c++/5/bits/istream.tcc:555:12: error: template definition of non-template ‘std::basic_istream<_CharT, _Traits>& std::basic_istream<_CharT, _Traits>::ignore’\n/usr/include/c++/5/bits/istream.tcc:555:12: error: ‘streamsize’ was not declared in this scope\n/usr/include/c++/5/bits/istream.tcc:555:37: error: expected primary-expression before ‘__delim’\n     ignore(streamsize __n, int_type __delim)\n                                     ^\n/usr/include/c++/5/bits/istream.tcc: In member function ‘std::basic_istream<_CharT, _Traits>::int_type std::basic_istream<_CharT, _Traits>::peek()’:\n/usr/include/c++/5/bits/istream.tcc:623:7: error: ‘_M_gcount’ was not declared in this scope\n       _M_gcount = 0;\n       ^\n/usr/include/c++/5/bits/istream.tcc: At global scope:\n/usr/include/c++/5/bits/istream.tcc:650:26: error: ‘streamsize’ has not been declared\n     read(char_type* __s, streamsize __n)\n                          ^\n/usr/include/c++/5/bits/istream.tcc: In member function ‘std::basic_istream<_CharT, _Traits>& std::basic_istream<_CharT, _Traits>::read(std::basic_istream<_CharT, _Traits>::char_type*, int)’:\n/usr/include/c++/5/bits/istream.tcc:652:7: error: ‘_M_gcount’ was not declared in this scope\n       _M_gcount = 0;\n       ^\n/usr/include/c++/5/bits/istream.tcc: At global scope:\n/usr/include/c++/5/bits/istream.tcc:677:5: error: ‘streamsize’ does not name a type\n     streamsize\n     ^\n/usr/include/c++/5/bits/istream.tcc: In member function ‘std::basic_istream<_CharT, _Traits>& std::basic_istream<_CharT, _Traits>::putback(std::basic_istream<_CharT, _Traits>::char_type)’:\n/usr/include/c++/5/bits/istream.tcc:715:7: error: ‘_M_gcount’ was not declared in this scope\n       _M_gcount = 0;\n       ^\n/usr/include/c++/5/bits/istream.tcc: In member function ‘std::basic_istream<_CharT, _Traits>& std::basic_istream<_CharT, _Traits>::unget()’:\n/usr/include/c++/5/bits/istream.tcc:750:7: error: ‘_M_gcount’ was not declared in this scope\n       _M_gcount = 0;\n       ^\n/usr/include/c++/5/bits/istream.tcc: In function ‘std::basic_istream<_CharT, _Traits>& std::operator>>(std::basic_istream<_CharT, _Traits>&, _CharT2*)’:\n/usr/include/c++/5/bits/istream.tcc:963:7: error: ‘streamsize’ was not declared in this scope\n       streamsize __extracted = 0;\n       ^\n/usr/include/c++/5/bits/istream.tcc:971:19: error: expected ‘;’ before ‘__num’\n        streamsize __num = __in.width();\n                   ^\n/usr/include/c++/5/bits/istream.tcc:972:12: error: ‘__num’ was not declared in this scope\n        if (__num <= 0)\n            ^\n/usr/include/c++/5/bits/istream.tcc:973:39: error: the value of ‘streamsize’ is not usable in a constant expression\n   __num = __gnu_cxx::__numeric_traits<streamsize>::__max;\n                                       ^\n/usr/include/c++/5/bits/istream.tcc:963:7: note: ‘streamsize’ was not declared ‘constexpr’\n       streamsize __extracted = 0;\n       ^\n/usr/include/c++/5/bits/istream.tcc:973:49: error: type/value mismatch at argument 1 in template parameter list for ‘template<class _Value> struct __gnu_cxx::__numeric_traits’\n   __num = __gnu_cxx::__numeric_traits<streamsize>::__max;\n                                                 ^\n/usr/include/c++/5/bits/istream.tcc:973:49: note:   expected a type, got ‘streamsize’\n/usr/include/c++/5/bits/istream.tcc:981:15: error: ‘__extracted’ was not declared in this scope\n        while (__extracted < __num - 1\n               ^\n/usr/include/c++/5/bits/istream.tcc:981:29: error: ‘__num’ was not declared in this scope\n        while (__extracted < __num - 1\n                             ^\n/usr/include/c++/5/bits/istream.tcc:1006:12: error: ‘__extracted’ was not declared in this scope\n       if (!__extracted)\n            ^\nmain.cpp: In member function ‘void Tensor::print() const’:\nmain.cpp:76:64: error: ‘Tensor_print’ was not declared in this scope\n   return Tensor_print(this->dimensions, this->sizes, this->data);  \n                                                                ^\nmain.cpp:76:64: error: return-statement with a value, in function returning 'void' [-fpermissive]\nIn file included from /usr/include/c++/5/string:52:0,\n                 from /usr/include/c++/5/bits/locale_classes.h:40,\n                 from /usr/include/c++/5/bits/ios_base.h:41,\n                 from /usr/include/c++/5/ios:42,\n                 from /usr/include/c++/5/ostream:38,\n                 from /usr/include/c++/5/iostream:39,\n                 from main.cpp:3:\n/usr/include/c++/5/bits/basic_string.h: In instantiation of ‘std::__cxx11::basic_string<_CharT, _Traits, _Alloc>::basic_string(std::__cxx11::basic_string<_CharT, _Traits, _Alloc>&&) [with _CharT = char; _Traits = std::char_traits<char>; _Alloc = std::allocator<char>]’:\n/usr/include/c++/5/system_error:181:40:   required from here\n/usr/include/c++/5/bits/basic_string.h:487:17: error: ‘class std::__cxx11::basic_string<char>’ has no member named ‘_M_allocated_capacity’\n      _M_capacity(__str._M_allocated_capacity);\n                 ^\n/usr/include/c++/5/bits/basic_string.h:487:17: error: ‘_M_capacity’ was not declared in this scope\n/usr/include/c++/5/bits/basic_string.h:493:11: error: ‘class std::__cxx11::basic_string<char>’ has no member named ‘length’\n  _M_length(__str.length());\n           ^\n/usr/include/c++/5/bits/basic_string.h:493:11: error: ‘_M_length’ was not declared in this scope\n/usr/include/c++/5/bits/basic_string.h:495:2: error: ‘class std::__cxx11::basic_string<char>’ has no member named ‘_M_set_length’\n  __str._M_set_length(0);\n  ^\n/usr/include/c++/5/bits/basic_string.h: In instantiation of ‘std::__cxx11::basic_string<_CharT, _Traits, _Alloc> std::operator+(std::__cxx11::basic_string<_CharT, _Traits, _Alloc>&&, std::__cxx11::basic_string<_CharT, _Traits, _Alloc>&&) [with _CharT = char; _Traits = std::char_traits<char>; _Alloc = std::allocator<char>]’:\n/usr/include/c++/5/system_error:343:50:   required from here\n/usr/include/c++/5/bits/basic_string.h:4863:40: error: ‘class std::__cxx11::basic_string<char>’ has no member named ‘size’\n       const auto __size = __lhs.size() + __rhs.size();\n                                        ^\n/usr/include/c++/5/bits/basic_string.h:4863:40: error: ‘class std::__cxx11::basic_string<char>’ has no member named ‘size’\n/usr/include/c++/5/bits/basic_string.h:4864:35: error: ‘class std::__cxx11::basic_string<char>’ has no member named ‘capacity’\n       const bool __cond = (__size > __lhs.capacity()\n                                   ^\n/usr/include/c++/5/bits/basic_string.h:4865:17: error: ‘class std::__cxx11::basic_string<char>’ has no member named ‘capacity’\n       && __size <= __rhs.capacity());\n                 ^\nIn file included from /usr/include/c++/5/bits/stl_algobase.h:67:0,\n                 from /usr/include/c++/5/bits/char_traits.h:39,\n                 from /usr/include/c++/5/ios:40,\n                 from /usr/include/c++/5/ostream:38,\n                 from /usr/include/c++/5/iostream:39,\n                 from main.cpp:3:\n/usr/include/c++/5/bits/stl_iterator.h: In instantiation of ‘class __gnu_cxx::__normal_iterator<const char*, std::__cxx11::basic_string<char> >’:\n/usr/include/c++/5/bits/basic_string.h:4866:32:   required from ‘std::__cxx11::basic_string<_CharT, _Traits, _Alloc> std::operator+(std::__cxx11::basic_string<_CharT, _Traits, _Alloc>&&, std::__cxx11::basic_string<_CharT, _Traits, _Alloc>&&) [with _CharT = char; _Traits = std::char_traits<char>; _Alloc = std::allocator<char>]’\n/usr/include/c++/5/system_error:343:50:   required from here\n/usr/include/c++/5/bits/stl_iterator.h:732:56: error: no type named ‘difference_type’ in ‘struct std::iterator_traits<const char*>’\n       typedef typename __traits_type::difference_type  difference_type;\n                                                        ^\n/usr/include/c++/5/bits/stl_iterator.h: In instantiation of ‘class __gnu_cxx::__normal_iterator<char*, std::__cxx11::basic_string<char> >’:\n/usr/include/c++/5/bits/basic_string.h:4866:32:   required from ‘std::__cxx11::basic_string<_CharT, _Traits, _Alloc> std::operator+(std::__cxx11::basic_string<_CharT, _Traits, _Alloc>&&, std::__cxx11::basic_string<_CharT, _Traits, _Alloc>&&) [with _CharT = char; _Traits = std::char_traits<char>; _Alloc = std::allocator<char>]’\n/usr/include/c++/5/system_error:343:50:   required from here\n/usr/include/c++/5/bits/stl_iterator.h:732:56: error: no type named ‘difference_type’ in ‘struct std::iterator_traits<char*>’\nIn file included from /usr/include/c++/5/string:52:0,\n                 from /usr/include/c++/5/bits/locale_classes.h:40,\n                 from /usr/include/c++/5/bits/ios_base.h:41,\n                 from /usr/include/c++/5/ios:42,\n                 from /usr/include/c++/5/ostream:38,\n                 from /usr/include/c++/5/iostream:39,\n                 from main.cpp:3:\n/usr/include/c++/5/bits/basic_string.h: In instantiation of ‘std::__cxx11::basic_string<_CharT, _Traits, _Alloc> std::operator+(std::__cxx11::basic_string<_CharT, _Traits, _Alloc>&&, std::__cxx11::basic_string<_CharT, _Traits, _Alloc>&&) [with _CharT = char; _Traits = std::char_traits<char>; _Alloc = std::allocator<char>]’:\n/usr/include/c++/5/system_error:343:50:   required from here\n/usr/include/c++/5/bits/basic_string.h:4866:32: error: no matching function for call to ‘std::__cxx11::basic_string<char>::insert(int, std::__cxx11::basic_string<char>&)’\n       return __cond ? std::move(__rhs.insert(0, __lhs))\n                                ^\n/usr/include/c++/5/bits/basic_string.h:1273:9: note: candidate: template<class _InputIterator, class> std::__cxx11::basic_string<_CharT, _Traits, _Alloc>::iterator std::__cxx11::basic_string<_CharT, _Traits, _Alloc>::insert(std::__cxx11::basic_string<_CharT, _Traits, _Alloc>::const_iterator, _InputIterator, _InputIterator) [with _InputIterator = _InputIterator; <template-parameter-2-2> = <template-parameter-1-2>; _CharT = char; _Traits = std::char_traits<char>; _Alloc = std::allocator<char>]\n         insert(const_iterator __p, _InputIterator __beg, _InputIterator __end)\n         ^\n/usr/include/c++/5/bits/basic_string.h:1273:9: note:   template argument deduction/substitution failed:\n/usr/include/c++/5/bits/basic_string.h:4866:32: note:   candidate expects 3 arguments, 2 provided\n       return __cond ? std::move(__rhs.insert(0, __lhs))\n                                ^\n/usr/include/c++/5/bits/basic_string.h:1307:7: note: candidate: void std::__cxx11::basic_string<_CharT, _Traits, _Alloc>::insert(std::__cxx11::basic_string<_CharT, _Traits, _Alloc>::iterator, std::initializer_list<_Tp>) [with _CharT = char; _Traits = std::char_traits<char>; _Alloc = std::allocator<char>; std::__cxx11::basic_string<_CharT, _Traits, _Alloc>::iterator = __gnu_cxx::__normal_iterator<char*, std::__cxx11::basic_string<char> >; typename __gnu_cxx::__alloc_traits<typename __gnu_cxx::__alloc_traits<_Alloc>::rebind<_CharT>::other>::pointer = char*]\n       insert(iterator __p, initializer_list<_CharT> __l)\n       ^\n/usr/include/c++/5/bits/basic_string.h:1307:7: note:   no known conversion for argument 1 from ‘int’ to ‘std::__cxx11::basic_string<char>::iterator {aka __gnu_cxx::__normal_iterator<char*, std::__cxx11::basic_string<char> >}’\n/usr/include/c++/5/bits/basic_string.h:1434:7: note: candidate: std::__cxx11::basic_string<_CharT, _Traits, _Alloc>::iterator std::__cxx11::basic_string<_CharT, _Traits, _Alloc>::insert(std::__cxx11::basic_string<_CharT, _Traits, _Alloc>::__const_iterator, _CharT) [with _CharT = char; _Traits = std::char_traits<char>; _Alloc = std::allocator<char>; std::__cxx11::basic_string<_CharT, _Traits, _Alloc>::iterator = __gnu_cxx::__normal_iterator<char*, std::__cxx11::basic_string<char> >; typename __gnu_cxx::__alloc_traits<typename __gnu_cxx::__alloc_traits<_Alloc>::rebind<_CharT>::other>::pointer = char*; std::__cxx11::basic_string<_CharT, _Traits, _Alloc>::__const_iterator = __gnu_cxx::__normal_iterator<const char*, std::__cxx11::basic_string<char> >; typename __gnu_cxx::__alloc_traits<typename __gnu_cxx::__alloc_traits<_Alloc>::rebind<_CharT>::other>::const_pointer = const char*]\n       insert(__const_iterator __p, _CharT __c)\n       ^\n/usr/include/c++/5/bits/basic_string.h:1434:7: note:   no known conversion for argument 1 from ‘int’ to ‘std::__cxx11::basic_string<char>::__const_iterator {aka __gnu_cxx::__normal_iterator<const char*, std::__cxx11::basic_string<char> >}’\n/usr/include/c++/5/bits/basic_string.h: In instantiation of ‘std::__cxx11::basic_string<_CharT, _Traits, _Alloc> std::operator+(const _CharT*, std::__cxx11::basic_string<_CharT, _Traits, _Alloc>&&) [with _CharT = char; _Traits = std::char_traits<char>; _Alloc = std::allocator<char>]’:\n/usr/include/c++/5/system_error:346:51:   required from here\n/usr/include/c++/5/bits/basic_string.h:4874:23: error: no matching function for call to ‘std::__cxx11::basic_string<char>::insert(int, const char*&)’\n     { return std::move(__rhs.insert(0, __lhs)); }\n                       ^\n/usr/include/c++/5/bits/basic_string.h:1273:9: note: candidate: template<class _InputIterator, class> std::__cxx11::basic_string<_CharT, _Traits, _Alloc>::iterator std::__cxx11::basic_string<_CharT, _Traits, _Alloc>::insert(std::__cxx11::basic_string<_CharT, _Traits, _Alloc>::const_iterator, _InputIterator, _InputIterator) [with _InputIterator = _InputIterator; <template-parameter-2-2> = <template-parameter-1-2>; _CharT = char; _Traits = std::char_traits<char>; _Alloc = std::allocator<char>]\n         insert(const_iterator __p, _InputIterator __beg, _InputIterator __end)\n         ^\n/usr/include/c++/5/bits/basic_string.h:1273:9: note:   template argument deduction/substitution failed:\n/usr/include/c++/5/bits/basic_string.h:4874:23: note:   candidate expects 3 arguments, 2 provided\n     { return std::move(__rhs.insert(0, __lhs)); }\n                       ^\n/usr/include/c++/5/bits/basic_string.h:1307:7: note: candidate: void std::__cxx11::basic_string<_CharT, _Traits, _Alloc>::insert(std::__cxx11::basic_string<_CharT, _Traits, _Alloc>::iterator, std::initializer_list<_Tp>) [with _CharT = char; _Traits = std::char_traits<char>; _Alloc = std::allocator<char>; std::__cxx11::basic_string<_CharT, _Traits, _Alloc>::iterator = __gnu_cxx::__normal_iterator<char*, std::__cxx11::basic_string<char> >; typename __gnu_cxx::__alloc_traits<typename __gnu_cxx::__alloc_traits<_Alloc>::rebind<_CharT>::other>::pointer = char*]\n       insert(iterator __p, initializer_list<_CharT> __l)\n       ^\n/usr/include/c++/5/bits/basic_string.h:1307:7: note:   no known conversion for argument 1 from ‘int’ to ‘std::__cxx11::basic_string<char>::iterator {aka __gnu_cxx::__normal_iterator<char*, std::__cxx11::basic_string<char> >}’\n/usr/include/c++/5/bits/basic_string.h:1434:7: note: candidate: std::__cxx11::basic_string<_CharT, _Traits, _Alloc>::iterator std::__cxx11::basic_string<_CharT, _Traits, _Alloc>::insert(std::__cxx11::basic_string<_CharT, _Traits, _Alloc>::__const_iterator, _CharT) [with _CharT = char; _Traits = std::char_traits<char>; _Alloc = std::allocator<char>; std::__cxx11::basic_string<_CharT, _Traits, _Alloc>::iterator = __gnu_cxx::__normal_iterator<char*, std::__cxx11::basic_string<char> >; typename __gnu_cxx::__alloc_traits<typename __gnu_cxx::__alloc_traits<_Alloc>::rebind<_CharT>::other>::pointer = char*; std::__cxx11::basic_string<_CharT, _Traits, _Alloc>::__const_iterator = __gnu_cxx::__normal_iterator<const char*, std::__cxx11::basic_string<char> >; typename __gnu_cxx::__alloc_traits<typename __gnu_cxx::__alloc_traits<_Alloc>::rebind<_CharT>::other>::const_pointer = const char*]\n       insert(__const_iterator __p, _CharT __c)\n       ^\n/usr/include/c++/5/bits/basic_string.h:1434:7: note:   no known conversion for argument 1 from ‘int’ to ‘std::__cxx11::basic_string<char>::__const_iterator {aka __gnu_cxx::__normal_iterator<const char*, std::__cxx11::basic_string<char> >}’\n/usr/include/c++/5/bits/basic_string.h: In instantiation of ‘void std::__cxx11::basic_string<_CharT, _Traits, _Alloc>::_M_dispose() [with _CharT = char; _Traits = std::char_traits<char>; _Alloc = std::allocator<char>]’:\n/usr/include/c++/5/bits/basic_string.h:543:19:   required from ‘std::__cxx11::basic_string<_CharT, _Traits, _Alloc>::~basic_string() [with _CharT = char; _Traits = std::char_traits<char>; _Alloc = std::allocator<char>]’\n/usr/include/c++/5/system_error:181:40:   required from here\n/usr/include/c++/5/bits/basic_string.h:180:14: error: using invalid field ‘std::__cxx11::basic_string<_CharT, _Traits, _Alloc>::<anonymous union>::_M_allocated_capacity’\n    _M_destroy(_M_allocated_capacity);\n              ^\n/usr/include/c++/5/bits/basic_string.h:180:14: error: ‘_M_destroy’ was not declared in this scope\n/usr/include/c++/5/bits/basic_string.h: In instantiation of ‘std::__cxx11::basic_string<_CharT, _Traits, _Alloc>::basic_string(const std::__cxx11::basic_string<_CharT, _Traits, _Alloc>&) [with _CharT = char; _Traits = std::char_traits<char>; _Alloc = std::allocator<char>]’:\n/usr/include/c++/5/bits/basic_string.h:4823:56:   required from ‘std::__cxx11::basic_string<_CharT, _Traits, _Alloc> std::operator+(const std::__cxx11::basic_string<_CharT, _Traits, _Alloc>&, const _CharT*) [with _CharT = char; _Traits = std::char_traits<char>; _Alloc = std::allocator<char>]’\n/usr/include/c++/5/system_error:343:30:   required from here\n/usr/include/c++/5/bits/basic_string.h:400:55: error: ‘const class std::__cxx11::basic_string<char>’ has no member named ‘length’\n       { _M_construct(__str._M_data(), __str._M_data() + __str.length()); }\n                                                       ^\n/usr/include/c++/5/bits/basic_string.h: In instantiation of ‘std::__cxx11::basic_string<_CharT, _Traits, _Alloc>& std::__cxx11::basic_string<_CharT, _Traits, _Alloc>::append(const _CharT*) [with _CharT = char; _Traits = std::char_traits<char>; _Alloc = std::allocator<char>]’:\n/usr/include/c++/5/bits/basic_string.h:4824:7:   required from ‘std::__cxx11::basic_string<_CharT, _Traits, _Alloc> std::operator+(const std::__cxx11::basic_string<_CharT, _Traits, _Alloc>&, const _CharT*) [with _CharT = char; _Traits = std::char_traits<char>; _Alloc = std::allocator<char>]’\n/usr/include/c++/5/system_error:343:30:   required from here\n/usr/include/c++/5/bits/basic_string.h:1028:17: error: ‘_M_check_length’ was not declared in this scope\n  _M_check_length(size_type(0), __n, \"basic_string::append\");\n                 ^\n/usr/include/c++/5/bits/basic_string.h:1029:18: error: ‘_M_append’ was not declared in this scope\n  return _M_append(__s, __n);\n                  ^\n"
        ],
        [
            "2.1 (C++)",
            "伍嘉俊",
            "#include <iostream>\nusing namespace std;\n\nvoid Matrix(int x, int y) {\n\tfor (int i = 0; i < x; ++ i) {\n\t\tfor (int j = 0; j < y; ++ j) {\n\t\t\tcout << \"0\" << \" \";\n\t\t} \n\t\tcout << endl;\n\t}\n}",
            1589425791.0431702,
            0,
            "main.cpp: In function ‘int main()’:\nmain.cpp:7:9: error: expected ‘;’ before ‘matrix1’\n  Matrix matrix1(rows, columns);\n         ^\nmain.cpp:8:2: error: ‘matrix1’ was not declared in this scope\n  matrix1.print();\n  ^\n"
        ],
        [
            "2.9 (C++)",
            "伍嘉俊",
            "",
            1590029448.929364,
            0,
            "main.cpp:3:1: error: ‘Matrix’ does not name a type\n Matrix read() {\n ^\nmain.cpp: In function ‘int main()’:\nmain.cpp:16:2: error: ‘Matrix’ was not declared in this scope\n  Matrix matrix1 = read(); // calls copy constructor\n  ^\nmain.cpp:17:9: error: expected ‘;’ before ‘matrix2’\n  Matrix matrix2 = read();\n         ^\nmain.cpp:20:2: error: ‘cin’ was not declared in this scope\n  cin >> value;\n  ^\nmain.cpp:22:2: error: ‘matrix1’ was not declared in this scope\n  matrix1.print();\n  ^\nmain.cpp:23:2: error: ‘cout’ was not declared in this scope\n  cout << endl;\n  ^\nmain.cpp:23:10: error: ‘endl’ was not declared in this scope\n  cout << endl;\n          ^\nmain.cpp:24:2: error: ‘matrix2’ was not declared in this scope\n  matrix2.print();\n  ^\nmain.cpp:27:9: error: expected ‘;’ before ‘matrix3’\n  Matrix matrix3 = matrix1 + matrix2;\n         ^\nmain.cpp:28:2: error: ‘matrix3’ was not declared in this scope\n  matrix3.print();\n  ^\nmain.cpp:31:9: error: expected ‘;’ before ‘matrix4’\n  Matrix matrix4 = matrix1 - matrix2;\n         ^\nmain.cpp:32:2: error: ‘matrix4’ was not declared in this scope\n  matrix4.print();\n  ^\nmain.cpp:35:9: error: expected ‘;’ before ‘matrix5’\n  Matrix matrix5 = matrix1 + value;\n         ^\nmain.cpp:36:2: error: ‘matrix5’ was not declared in this scope\n  matrix5.print();\n  ^\nmain.cpp:39:9: error: expected ‘;’ before ‘matrix6’\n  Matrix matrix6 = matrix1 - value;\n         ^\nmain.cpp:40:2: error: ‘matrix6’ was not declared in this scope\n  matrix6.print();\n  ^\n"
        ],
        [
            "6.2 (C++)",
            "伍嘉俊",
            "#include <iostream>\n#include <string>\n#include <cstring>\nusing namespace std;\n\ntemplate <typename T>\nclass Matrix{\nprivate:\n\tT *values;\n    int rows;\n    int columns;\n\n\n    void copy0(T to[],const T from[],int num)const {\n        for (int i = 0; i < num; ++i) {\n            to[i] = from[i];\n        }\n    }\n\n    void assign0(const Matrix &matrix2){\n        if(values != 0){\n            delete []values;\n        }\n        int len = matrix2.rows * matrix2.columns;\n        values = new T[len];\n        copy0(values,matrix2.values,len);\n    }\n\npublic:\n    Matrix(){\n        values = new T[1];\n        rows = 0;\n        columns = 0;\n    }\n\n    Matrix(int rows,int columns){\n        int len = rows * columns;\n        this->rows = rows;\n        this->columns = columns;\n        values = new T[len];\n        memset(values,'\\0',len * sizeof(T));\n    }\n\n    Matrix(int rows,int columns,const T value[]){\n        this->rows = rows;\n        this->columns = columns;\n        values = new T[rows * columns];\n        for (int i = 0; i < rows* columns; ++i) {\n            this->values[i] = value[i];\n        }\n    }\n\n    Matrix(const Matrix &matrix2){\n        this->rows = matrix2.rows;this->columns = matrix2.columns;\n        int len = rows * columns;\n        values = 0;\n        assign0(matrix2);\n    }\n\n    ~Matrix()\n    {\n        delete []values;\n    }\n\n\n    void print(){\n        int len = rows * columns;\n        for (int i = 0; i < rows; ++i) {\n            for (int j = 0; j < columns; ++j) {\n                cout<<\"    \"<<values[i * columns + j];\n            }\n            cout<<endl;\n        }\n    }\n\n};",
            1590636614.7482846,
            100,
            "# 答案正确"
        ],
        [
            "7.2 (C++)",
            "伍嘉俊",
            "#include <iostream>\n#include <string>\n#include <vector>\nusing namespace std;\n\nvector <string> split(const string & line, const string & delimiter = \" \") {\n\tvector <string> words;\n\tint st = 0;\n\twhile (st < line.size()) {\n\t\tint end = line.find(delimiter, st);\n\t\tif (end == st) st += delimiter.size();\n\t\telse {\n\t\t\tif (end == -1) {\n\t\t\t\twords.push_back(line.substr(st));\n\t\t\t\tbreak;\n\t\t\t}\n\t\t\twords.push_back(line.substr(st, end-st));\n\t\t\tst = end + delimiter.size();\n\t\t}\n\t}\n\treturn words;\n}",
            1591241718.83013,
            100,
            "# 答案正确"
        ]
    ],
    "table_name": "答案"
}